xmvlog(64): 21.03-s002: (c) Copyright 1995-2021 Cadence Design Systems, Inc.
file: /tools/Xilinx/Vivado/2022.1/data/ip/xilinx/v_hdmi_phy1_v1_0/hdl/src/verilog/v_hdmi_phy1_v1_0_sync_block.v
	module v_hdmi_phy1_v1_0_6.v_hdmi_phy1_v1_0_6_sync_block
		errors: 0, warnings: 0
file: /tools/Xilinx/Vivado/2022.1/data/ip/xilinx/v_hdmi_phy1_v1_0/hdl/src/verilog/v_hdmi_phy1_v1_0_sync_pulse.v
	module v_hdmi_phy1_v1_0_6.v_hdmi_phy1_v1_0_6_sync_pulse
		errors: 0, warnings: 0
file: /tools/Xilinx/Vivado/2022.1/data/ip/xilinx/v_hdmi_phy1_v1_0/hdl/src/verilog/v_hdmi_phy1_v1_0_cpll_railing.v
	module v_hdmi_phy1_v1_0_6.v_hdmi_phy1_v1_0_6_cpll_railing
		errors: 0, warnings: 0
file: /tools/Xilinx/Vivado/2022.1/data/ip/xilinx/v_hdmi_phy1_v1_0/hdl/src/verilog/v_hdmi_phy1_v1_0_axi4lite.v
	module v_hdmi_phy1_v1_0_6.v_hdmi_phy1_v1_0_6_axi4lite
		errors: 0, warnings: 0
file: /tools/Xilinx/Vivado/2022.1/data/ip/xilinx/v_hdmi_phy1_v1_0/hdl/src/verilog/v_hdmi_phy1_v1_0_drp_control.v
	module v_hdmi_phy1_v1_0_6.v_hdmi_phy1_v1_0_6_drp_control
		errors: 0, warnings: 0
file: /tools/Xilinx/Vivado/2022.1/data/ip/xilinx/v_hdmi_phy1_v1_0/hdl/src/verilog/v_hdmi_phy1_v1_0_drp_control_8series.v
	module v_hdmi_phy1_v1_0_6.v_hdmi_phy1_v1_0_6_drp_control_8series
		errors: 0, warnings: 0
file: /tools/Xilinx/Vivado/2022.1/data/ip/xilinx/v_hdmi_phy1_v1_0/hdl/src/verilog/v_hdmi_phy1_v1_0_drp_control_hdmi.v
	module v_hdmi_phy1_v1_0_6.v_hdmi_phy1_v1_0_6_drp_control_hdmi
		errors: 0, warnings: 0
file: /tools/Xilinx/Vivado/2022.1/data/ip/xilinx/v_hdmi_phy1_v1_0/hdl/src/verilog/v_hdmi_phy1_v1_0_interrupts.v
	module v_hdmi_phy1_v1_0_6.v_hdmi_phy1_v1_0_6_interrupts
		errors: 0, warnings: 0
file: /tools/Xilinx/Vivado/2022.1/data/ip/xilinx/v_hdmi_phy1_v1_0/hdl/src/verilog/v_hdmi_phy1_v1_0_gtp_common.v
	module v_hdmi_phy1_v1_0_6.v_hdmi_phy1_v1_0_6_gtp_common
		errors: 0, warnings: 0
xmvlog(64): 21.03-s002: (c) Copyright 1995-2021 Cadence Design Systems, Inc.
file: /tools/Xilinx/Vivado/2022.1/data/ip/xilinx/v_hdmi_phy1_v1_0/hdl/src/verilog/v_hdmi_phy1_v1_0_lib.sv
	module v_hdmi_phy1_v1_0_6.v_hdmi_phy1_v1_0_6_lib_rst_v1_0
		errors: 0, warnings: 0
	module v_hdmi_phy1_v1_0_6.v_hdmi_phy1_v1_0_6_lib_sync_v1_0
		errors: 0, warnings: 0
	module v_hdmi_phy1_v1_0_6.v_hdmi_phy1_v1_0_6_lib_cap_v1_0
		errors: 0, warnings: 0
	module v_hdmi_phy1_v1_0_6.v_hdmi_phy1_v1_0_6_lib_edge_v1_0
		errors: 0, warnings: 0
	module v_hdmi_phy1_v1_0_6.v_hdmi_phy1_v1_0_6_lib_cda_gray_v1_0
		errors: 0, warnings: 0
	module v_hdmi_phy1_v1_0_6.v_hdmi_phy1_v1_0_6_lib_fifo_sc_v1_0
		errors: 0, warnings: 0
	module v_hdmi_phy1_v1_0_6.v_hdmi_phy1_v1_0_6_lib_fifo_dc_v1_0
		errors: 0, warnings: 0
	module v_hdmi_phy1_v1_0_6.v_hdmi_phy1_v1_0_6_lib_div_v1_0
		errors: 0, warnings: 0
file: /tools/Xilinx/Vivado/2022.1/data/ip/xilinx/v_hdmi_phy1_v1_0/hdl/src/verilog/v_hdmi_phy1_v1_0_datawidth_conv.sv
	module v_hdmi_phy1_v1_0_6.v_hdmi_phy1_v1_0_6_datawidth_conv
		errors: 0, warnings: 0
file: /tools/Xilinx/Vivado/2022.1/data/ip/xilinx/v_hdmi_phy1_v1_0/hdl/src/verilog/v_hdmi_phy1_v1_0_gt_tx_tmdsclk_patgen.sv
	module v_hdmi_phy1_v1_0_6.v_hdmi_phy1_v1_0_6_gt_tx_tmdsclk_patgen
		errors: 0, warnings: 0
file: /tools/Xilinx/Vivado/2022.1/data/ip/xilinx/v_hdmi_phy1_v1_0/hdl/src/verilog/v_hdmi_phy1_v1_0_dru.sv
	module v_hdmi_phy1_v1_0_6.v_hdmi_phy1_v1_0_6_dru
		errors: 0, warnings: 0
