xmvlog(64): 21.03-s002: (c) Copyright 1995-2021 Cadence Design Systems, Inc.
file: /tools/Xilinx/Vivado/2022.1/data/ip/xilinx/v_smpte_sdi_v3_0/hdl/v_smpte_sdi_v3_0_vl_rfs.v
	module v_smpte_sdi_v3_0_9.v_smpte_sdi_v3_0_9_anc_rx
		errors: 0, warnings: 0
	module v_smpte_sdi_v3_0_9.v_smpte_sdi_v3_0_9_autodetect
		errors: 0, warnings: 0
	module v_smpte_sdi_v3_0_9.v_smpte_sdi_v3_0_9_edh_crc
		errors: 0, warnings: 0
	module v_smpte_sdi_v3_0_9.v_smpte_sdi_v3_0_9_edh_crc16
		errors: 0, warnings: 0
	module v_smpte_sdi_v3_0_9.v_smpte_sdi_v3_0_9_edh_errcnt
		errors: 0, warnings: 0
	module v_smpte_sdi_v3_0_9.v_smpte_sdi_v3_0_9_edh_flags
		errors: 0, warnings: 0
	module v_smpte_sdi_v3_0_9.v_smpte_sdi_v3_0_9_edh_loc
		errors: 0, warnings: 0
	module v_smpte_sdi_v3_0_9.v_smpte_sdi_v3_0_9_edh_processor
		errors: 0, warnings: 0
	module v_smpte_sdi_v3_0_9.v_smpte_sdi_v3_0_9_edh_rx
		errors: 0, warnings: 0
	module v_smpte_sdi_v3_0_9.v_smpte_sdi_v3_0_9_edh_tx
		errors: 0, warnings: 0
	module v_smpte_sdi_v3_0_9.v_smpte_sdi_v3_0_9_fly_field
		errors: 0, warnings: 0
	module v_smpte_sdi_v3_0_9.v_smpte_sdi_v3_0_9_fly_fsm
		errors: 0, warnings: 0
	module v_smpte_sdi_v3_0_9.v_smpte_sdi_v3_0_9_fly_horz
		errors: 0, warnings: 0
	module v_smpte_sdi_v3_0_9.v_smpte_sdi_v3_0_9_fly_vert
		errors: 0, warnings: 0
	module v_smpte_sdi_v3_0_9.v_smpte_sdi_v3_0_9_flywheel
		errors: 0, warnings: 0
	module v_smpte_sdi_v3_0_9.v_smpte_sdi_v3_0_9_hdsdi_crc2
		errors: 0, warnings: 0
	module v_smpte_sdi_v3_0_9.v_smpte_sdi_v3_0_9_hdsdi_insert_crc
		errors: 0, warnings: 0
	module v_smpte_sdi_v3_0_9.v_smpte_sdi_v3_0_9_hdsdi_insert_ln
		errors: 0, warnings: 0
	module v_smpte_sdi_v3_0_9.v_smpte_sdi_v3_0_9_hdsdi_rx_crc
		errors: 0, warnings: 0
	module v_smpte_sdi_v3_0_9.v_smpte_sdi_v3_0_9_multi_sdi_decoder
		errors: 0, warnings: 0
	module v_smpte_sdi_v3_0_9.v_smpte_sdi_v3_0_9_multi_sdi_encoder
		errors: 0, warnings: 0
	module v_smpte_sdi_v3_0_9.v_smpte_sdi_v3_0_9_multi_sdi_framer
		errors: 0, warnings: 0
	module v_smpte_sdi_v3_0_9.v_smpte_sdi_v3_0_9_mux12_wide
		errors: 0, warnings: 0
	module v_smpte_sdi_v3_0_9.v_smpte_sdi_v3_0_9_sdi_bitrep_20b
		errors: 0, warnings: 0
	module v_smpte_sdi_v3_0_9.v_smpte_sdi_v3_0_9_SMPTE352_vpid_capture
		errors: 0, warnings: 0
	module v_smpte_sdi_v3_0_9.v_smpte_sdi_v3_0_9_SMPTE352_vpid_insert
		errors: 0, warnings: 0
	module v_smpte_sdi_v3_0_9.v_smpte_sdi_v3_0_9_SMPTE425_B_demux2
		errors: 0, warnings: 0
	module v_smpte_sdi_v3_0_9.v_smpte_sdi_v3_0_9_smpte_encoder
		errors: 0, warnings: 0
	module v_smpte_sdi_v3_0_9.v_smpte_sdi_v3_0_9_triple_sdi_reset
		errors: 0, warnings: 0
	module v_smpte_sdi_v3_0_9.v_smpte_sdi_v3_0_9_triple_sdi_rx
		errors: 0, warnings: 0
	module v_smpte_sdi_v3_0_9.v_smpte_sdi_v3_0_9_triple_sdi_rx_autorate
		errors: 0, warnings: 0
	module v_smpte_sdi_v3_0_9.v_smpte_sdi_v3_0_9_triple_sdi_transport_detect
		errors: 0, warnings: 0
	module v_smpte_sdi_v3_0_9.v_smpte_sdi_v3_0_9_triple_sdi_tx_output
		errors: 0, warnings: 0
	module v_smpte_sdi_v3_0_9.v_smpte_sdi_v3_0_9_triple_sdi_vpid_insert
		errors: 0, warnings: 0
	module v_smpte_sdi_v3_0_9.v_smpte_sdi_v3_0_9_trs_detect
		errors: 0, warnings: 0
	module v_smpte_sdi_v3_0_9.v_smpte_sdi_v3_0_9_trsgen
		errors: 0, warnings: 0
	module v_smpte_sdi_v3_0_9.v_smpte_sdi_v3_0_9_video_decode
		errors: 0, warnings: 0
	module v_smpte_sdi_v3_0_9.v_smpte_sdi_v3_0_9
		errors: 0, warnings: 0
