INFO: [VRFC 10-2263] Analyzing Verilog file "/Volumes/export/isn/soumil/Xilinx/ifat6/pcb_ok_xem7310/pcb_ok_xem7310.sim/sim_1/synth/timing/xsim/top_tb_time_synth.v" into library xil_defaultlib
INFO: [VRFC 10-311] analyzing module IOBUF_UNIQ_BASE_
INFO: [VRFC 10-311] analyzing module IOBUF_HD147
INFO: [VRFC 10-311] analyzing module IOBUF_HD148
INFO: [VRFC 10-311] analyzing module IOBUF_HD149
INFO: [VRFC 10-311] analyzing module IOBUF_HD150
INFO: [VRFC 10-311] analyzing module IOBUF_HD151
INFO: [VRFC 10-311] analyzing module IOBUF_HD152
INFO: [VRFC 10-311] analyzing module IOBUF_HD153
INFO: [VRFC 10-311] analyzing module IOBUF_HD154
INFO: [VRFC 10-311] analyzing module IOBUF_HD155
INFO: [VRFC 10-311] analyzing module IOBUF_HD156
INFO: [VRFC 10-311] analyzing module IOBUF_HD157
INFO: [VRFC 10-311] analyzing module IOBUF_HD158
INFO: [VRFC 10-311] analyzing module IOBUF_HD159
INFO: [VRFC 10-311] analyzing module IOBUF_HD160
INFO: [VRFC 10-311] analyzing module IOBUF_HD161
INFO: [VRFC 10-311] analyzing module IOBUF_HD162
INFO: [VRFC 10-311] analyzing module IOBUF_HD163
INFO: [VRFC 10-311] analyzing module IOBUF_HD164
INFO: [VRFC 10-311] analyzing module IOBUF_HD165
INFO: [VRFC 10-311] analyzing module IOBUF_HD166
INFO: [VRFC 10-311] analyzing module IOBUF_HD167
INFO: [VRFC 10-311] analyzing module IOBUF_HD168
INFO: [VRFC 10-311] analyzing module IOBUF_HD169
INFO: [VRFC 10-311] analyzing module IOBUF_HD170
INFO: [VRFC 10-311] analyzing module IOBUF_HD171
INFO: [VRFC 10-311] analyzing module IOBUF_HD172
INFO: [VRFC 10-311] analyzing module IOBUF_HD173
INFO: [VRFC 10-311] analyzing module IOBUF_HD174
INFO: [VRFC 10-311] analyzing module IOBUF_HD175
INFO: [VRFC 10-311] analyzing module IOBUF_HD176
INFO: [VRFC 10-311] analyzing module IOBUF_HD177
INFO: [VRFC 10-311] analyzing module IOBUF_HD178
INFO: [VRFC 10-311] analyzing module IOBUF_HD179
INFO: [VRFC 10-311] analyzing module IOBUF_HD180
INFO: [VRFC 10-311] analyzing module IOBUF_HD181
INFO: [VRFC 10-311] analyzing module IOBUF_HD182
INFO: [VRFC 10-311] analyzing module IOBUF_HD183
INFO: [VRFC 10-311] analyzing module IOBUF_HD184
INFO: [VRFC 10-311] analyzing module IOBUF_HD185
INFO: [VRFC 10-311] analyzing module IOBUF_HD186
INFO: [VRFC 10-311] analyzing module adc
INFO: [VRFC 10-311] analyzing module dac
INFO: [VRFC 10-311] analyzing module dac_0
INFO: [VRFC 10-311] analyzing module dac_1
INFO: [VRFC 10-311] analyzing module dac_2
INFO: [VRFC 10-311] analyzing module dac_3
INFO: [VRFC 10-311] analyzing module frontpanel_ifat6
INFO: [VRFC 10-311] analyzing module frontpanel_ifat6_okHost
INFO: [VRFC 10-311] analyzing module frontpanel_ifat6_okWireOR
INFO: [VRFC 10-311] analyzing module frontpanel_ifat6_wrapper_synthesis
INFO: [VRFC 10-311] analyzing module leds_ifat6
INFO: [VRFC 10-311] analyzing module leds_ifat6_led
INFO: [VRFC 10-311] analyzing module top
INFO: [VRFC 10-311] analyzing module LUT6_2_UNIQ_BASE_
INFO: [VRFC 10-311] analyzing module LUT6_2_HD100
INFO: [VRFC 10-311] analyzing module LUT6_2_HD101
INFO: [VRFC 10-311] analyzing module LUT6_2_HD102
INFO: [VRFC 10-311] analyzing module LUT6_2_HD104
INFO: [VRFC 10-311] analyzing module LUT6_2_HD106
INFO: [VRFC 10-311] analyzing module LUT6_2_HD107
INFO: [VRFC 10-311] analyzing module LUT6_2_HD108
INFO: [VRFC 10-311] analyzing module LUT6_2_HD109
INFO: [VRFC 10-311] analyzing module LUT6_2_HD111
INFO: [VRFC 10-311] analyzing module LUT6_2_HD113
INFO: [VRFC 10-311] analyzing module LUT6_2_HD114
INFO: [VRFC 10-311] analyzing module LUT6_2_HD115
INFO: [VRFC 10-311] analyzing module LUT6_2_HD116
INFO: [VRFC 10-311] analyzing module LUT6_2_HD118
INFO: [VRFC 10-311] analyzing module LUT6_2_HD120
INFO: [VRFC 10-311] analyzing module LUT6_2_HD121
INFO: [VRFC 10-311] analyzing module LUT6_2_HD122
INFO: [VRFC 10-311] analyzing module LUT6_2_HD123
INFO: [VRFC 10-311] analyzing module LUT6_2_HD125
INFO: [VRFC 10-311] analyzing module LUT6_2_HD126
INFO: [VRFC 10-311] analyzing module LUT6_2_HD127
INFO: [VRFC 10-311] analyzing module LUT6_2_HD128
INFO: [VRFC 10-311] analyzing module LUT6_2_HD129
INFO: [VRFC 10-311] analyzing module LUT6_2_HD130
INFO: [VRFC 10-311] analyzing module LUT6_2_HD131
INFO: [VRFC 10-311] analyzing module LUT6_2_HD132
INFO: [VRFC 10-311] analyzing module LUT6_2_HD133
INFO: [VRFC 10-311] analyzing module LUT6_2_HD134
INFO: [VRFC 10-311] analyzing module LUT6_2_HD135
INFO: [VRFC 10-311] analyzing module LUT6_2_HD136
INFO: [VRFC 10-311] analyzing module LUT6_2_HD137
INFO: [VRFC 10-311] analyzing module LUT6_2_HD138
INFO: [VRFC 10-311] analyzing module LUT6_2_HD139
INFO: [VRFC 10-311] analyzing module LUT6_2_HD140
INFO: [VRFC 10-311] analyzing module LUT6_2_HD141
INFO: [VRFC 10-311] analyzing module LUT6_2_HD144
INFO: [VRFC 10-311] analyzing module LUT6_2_HD146
INFO: [VRFC 10-311] analyzing module LUT6_2_HD88
INFO: [VRFC 10-311] analyzing module LUT6_2_HD89
INFO: [VRFC 10-311] analyzing module LUT6_2_HD90
INFO: [VRFC 10-311] analyzing module LUT6_2_HD91
INFO: [VRFC 10-311] analyzing module LUT6_2_HD92
INFO: [VRFC 10-311] analyzing module LUT6_2_HD93
INFO: [VRFC 10-311] analyzing module LUT6_2_HD94
INFO: [VRFC 10-311] analyzing module LUT6_2_HD95
INFO: [VRFC 10-311] analyzing module LUT6_2_HD96
INFO: [VRFC 10-311] analyzing module LUT6_2_HD97
INFO: [VRFC 10-311] analyzing module LUT6_2_HD98
INFO: [VRFC 10-311] analyzing module LUT6_2_HD99
INFO: [VRFC 10-311] analyzing module RAM128X1S_UNIQ_BASE_
INFO: [VRFC 10-311] analyzing module RAM128X1S_HD103
INFO: [VRFC 10-311] analyzing module RAM128X1S_HD105
INFO: [VRFC 10-311] analyzing module RAM128X1S_HD110
INFO: [VRFC 10-311] analyzing module RAM128X1S_HD112
INFO: [VRFC 10-311] analyzing module RAM128X1S_HD117
INFO: [VRFC 10-311] analyzing module RAM128X1S_HD119
INFO: [VRFC 10-311] analyzing module RAM128X1S_HD124
INFO: [VRFC 10-311] analyzing module RAM32M_UNIQ_BASE_
INFO: [VRFC 10-311] analyzing module RAM32M_HD142
INFO: [VRFC 10-311] analyzing module RAM32M_HD143
INFO: [VRFC 10-311] analyzing module RAM32M_HD145
INFO: [VRFC 10-311] analyzing module frontpanel_ifat6_fifo_generator_v13_2_5
INFO: [VRFC 10-311] analyzing module frontpanel_ifat6_okCore
INFO: [VRFC 10-311] analyzing module frontpanel_ifat6_okCoreHarness
INFO: [VRFC 10-311] analyzing module frontpanel_ifat6_okWireIn
INFO: [VRFC 10-311] analyzing module frontpanel_ifat6_okWireIn__1
INFO: [VRFC 10-311] analyzing module frontpanel_ifat6_okWireIn__10
INFO: [VRFC 10-311] analyzing module frontpanel_ifat6_okWireIn__11
INFO: [VRFC 10-311] analyzing module frontpanel_ifat6_okWireIn__2
INFO: [VRFC 10-311] analyzing module frontpanel_ifat6_okWireIn__3
INFO: [VRFC 10-311] analyzing module frontpanel_ifat6_okWireIn__4
INFO: [VRFC 10-311] analyzing module frontpanel_ifat6_okWireIn__5
INFO: [VRFC 10-311] analyzing module frontpanel_ifat6_okWireIn__6
INFO: [VRFC 10-311] analyzing module frontpanel_ifat6_okWireIn__7
INFO: [VRFC 10-311] analyzing module frontpanel_ifat6_okWireIn__8
INFO: [VRFC 10-311] analyzing module frontpanel_ifat6_okWireIn__9
INFO: [VRFC 10-311] analyzing module frontpanel_ifat6_okWireOut
INFO: [VRFC 10-311] analyzing module frontpanel_ifat6_okWireOut__1
INFO: [VRFC 10-311] analyzing module frontpanel_ifat6_okWireOut__2
INFO: [VRFC 10-311] analyzing module frontpanel_ifat6_ok_tfifo
INFO: [VRFC 10-311] analyzing module glbl
INFO: [VRFC 10-2263] Analyzing Verilog file "/Volumes/export/isn/soumil/Xilinx/ifat6/verilog_files/adc.v" into library xil_defaultlib
INFO: [VRFC 10-311] analyzing module adc
WARNING: [VRFC 10-3609] overwriting previous definition of module 'adc' [/Volumes/export/isn/soumil/Xilinx/ifat6/verilog_files/adc.v:21]
INFO: [VRFC 10-2263] Analyzing Verilog file "/Volumes/export/isn/soumil/Xilinx/ifat6/pcb_ok_xem7310/pcb_ok_xem7310.srcs/sources_1/new/dac.v" into library xil_defaultlib
INFO: [VRFC 10-311] analyzing module dac
WARNING: [VRFC 10-3609] overwriting previous definition of module 'dac' [/Volumes/export/isn/soumil/Xilinx/ifat6/pcb_ok_xem7310/pcb_ok_xem7310.srcs/sources_1/new/dac.v:22]
INFO: [VRFC 10-2263] Analyzing Verilog file "/Volumes/export/isn/soumil/Xilinx/ifat6/pcb_ok_xem7310/pcb_ok_xem7310.srcs/sim_1/new/top_tb.v" into library xil_defaultlib
INFO: [VRFC 10-311] analyzing module top_tb
