Removed Pin From Net: NetName=DAC2_SDI Pin=J2-26
Removed Pin From Net: NetName=DAC2_C\L\R\ Pin=J2-28
Removed Pin From Net: NetName=DAC5_C\L\R\ Pin=J2-30
Removed Pin From Net: NetName=DAC5_L\D\A\C\ Pin=J2-32
Removed Pin From Net: NetName=DAC_SCLK Pin=J2-34
Removed Pin From Net: NetName=DAC2_SDI Pin=MC1-66
Removed Pin From Net: NetName=DAC2_C\L\R\ Pin=MC1-68
Removed Pin From Net: NetName=DAC5_C\L\R\ Pin=MC1-70
Removed Pin From Net: NetName=DAC5_L\D\A\C\ Pin=MC1-72
Removed Pin From Net: NetName=DAC_SCLK Pin=MC1-74
Remove Class Member: Failed to remove class member
Remove Class Member: Failed to remove class member
Remove Class Member: Failed to remove class member
Remove Class Member: Failed to remove class member
Remove Class Member: Failed to remove class member
Remove Class Member: Failed to remove class member
Remove Class Member: Failed to remove class member
Remove Class Member: Failed to remove class member
Remove Class Member: Failed to remove class member
Remove Class Member: Failed to remove class member
Remove Class Member: Failed to remove class member
Remove Class Member: Failed to remove class member
Remove Class Member: Failed to remove class member
Remove Class Member: Failed to remove class member
Remove Class Member: Failed to remove class member
Remove Class Member: Failed to remove class member
Added Pin To Net: NetName=DAC_SCLK Pin=J2-26
Added Pin To Net: NetName=DAC2_SDI Pin=J2-28
Added Pin To Net: NetName=DAC2_C\L\R\ Pin=J2-30
Added Pin To Net: NetName=DAC5_C\L\R\ Pin=J2-32
Added Pin To Net: NetName=DAC5_L\D\A\C\ Pin=J2-34
Added Pin To Net: NetName=DAC_SCLK Pin=MC1-66
Added Pin To Net: NetName=DAC2_SDI Pin=MC1-68
Added Pin To Net: NetName=DAC2_C\L\R\ Pin=MC1-70
Added Pin To Net: NetName=DAC5_C\L\R\ Pin=MC1-72
Added Pin To Net: NetName=DAC5_L\D\A\C\ Pin=MC1-74
Add Class Member: Failed to add class member : +VDC_FPGA4 (Capx4.SchDoc)
Add Class Member: Failed to add class member : +VDC_FPGA6 (Capx3_small_bypass.SchDoc)
Add Class Member: Failed to add class member : +VDC_FPGA7 (Capx3_small_bypass.SchDoc)
Add Class Member: Failed to add class member : C_VCCO2_FPGA (Capx3_small_bypass.SchDoc)
Add Class Member: Failed to add class member : DVDD_HI (Capx3_small_bypass.SchDoc)
Add Class Member: Failed to add class member : EL_DAC (Capx4.SchDoc)
Add Class Member: Failed to add class member : GL_DIS (Capx3_small_bypass.SchDoc)
Add Class Member: Failed to add class member : GL_PROX (Capx3_small_bypass.SchDoc)
Add Class Member: Failed to add class member : GLDIST_DAC (Capx4.SchDoc)
Add Class Member: Failed to add class member : GLPROX_DAC (Capx4.SchDoc)
Add Class Member: Failed to add class member : VpupArb (Capx3_small_bypass.SchDoc)
Add Class Member: Failed to add class member : VTAU0_DAC (Capx4.SchDoc)
Add Class Member: Failed to add class member : VTAU1_DAC (Capx4.SchDoc)
Add Class Member: Failed to add class member : VTAU2_DAC (Capx4.SchDoc)
Add Class Member: Failed to add class member : VTAU3_DAC (Capx4.SchDoc)
Add Class Member: Failed to add class member : WBIAS (Capx3_small_bypass.SchDoc)
Add Class Member: Failed to add class member : WBIAS_HI (Capx3_small_bypass.SchDoc)
Add Class Member: Failed to add class member : WBIAS_LO (Capx3_small_bypass.SchDoc)
