xmvlog(64): 21.03-s002: (c) Copyright 1995-2021 Cadence Design Systems, Inc.
file: /tools/Xilinx/Vivado/2022.1/data/ip/xilinx/v_uhdsdi_audio_v2_0/hdl/v_uhdsdi_audio_v2_0_rfs.v
	module v_uhdsdi_audio_v2_0_6.v_uhdsdi_audio_v2_0_6_fifo_34x64_fwft
		errors: 0, warnings: 0
	module v_uhdsdi_audio_v2_0_6.v_uhdsdi_audio_v2_0_6_fifo_40x32_fwft
		errors: 0, warnings: 0
	module v_uhdsdi_audio_v2_0_6.v_uhdsdi_audio_v2_0_6_fifo_28x16_fwft
		errors: 0, warnings: 0
	module v_uhdsdi_audio_v2_0_6.v_uhdsdi_audio_v2_0_6_fifo_29x32_fwft
		errors: 0, warnings: 0
	module v_uhdsdi_audio_v2_0_6.v_uhdsdi_audio_v2_0_6_fifo_5x32_fwft
		errors: 0, warnings: 0
	module v_uhdsdi_audio_v2_0_6.v_uhdsdi_audio_v2_0_6_aud_stat_ext
		errors: 0, warnings: 0
	module v_uhdsdi_audio_v2_0_6.v_uhdsdi_audio_v2_0_6_ctrl_pkt_dec
		errors: 0, warnings: 0
	module v_uhdsdi_audio_v2_0_6.v_uhdsdi_audio_v2_0_6_aes_cs_ext
		errors: 0, warnings: 0
	module v_uhdsdi_audio_v2_0_6.v_uhdsdi_audio_v2_0_6_sync_one_shot
		errors: 0, warnings: 0
	module v_uhdsdi_audio_v2_0_6.v_uhdsdi_audio_v2_0_6_trs_detect
		errors: 0, warnings: 0
	module v_uhdsdi_audio_v2_0_6.v_uhdsdi_audio_v2_0_6_hd_mux_anc_det
		errors: 0, warnings: 0
	module v_uhdsdi_audio_v2_0_6.v_uhdsdi_audio_v2_0_6_hd_mux_ctrl_constr
		errors: 0, warnings: 0
	module v_uhdsdi_audio_v2_0_6.v_uhdsdi_audio_v2_0_6_hd_mux_ctrl
		errors: 0, warnings: 0
	module v_uhdsdi_audio_v2_0_6.v_uhdsdi_audio_v2_0_6_hd_mux_data_constr
		errors: 0, warnings: 0
	module v_uhdsdi_audio_v2_0_6.v_uhdsdi_audio_v2_0_6_hd_mux_data
		errors: 0, warnings: 0
	module v_uhdsdi_audio_v2_0_6.v_uhdsdi_audio_v2_0_6_hd_mux_ecc_encode
		errors: 0, warnings: 0
	module v_uhdsdi_audio_v2_0_6.v_uhdsdi_audio_v2_0_6_hd_mux_pkt_mux
		errors: 0, warnings: 0
	module v_uhdsdi_audio_v2_0_6.v_uhdsdi_audio_v2_0_6_hd_mux_top
		errors: 0, warnings: 0
	module v_uhdsdi_audio_v2_0_6.v_uhdsdi_audio_v2_0_6_sd_mux_anc_det
		errors: 0, warnings: 0
	module v_uhdsdi_audio_v2_0_6.v_uhdsdi_audio_v2_0_6_sd_mux_anc_store
		errors: 0, warnings: 0
	module v_uhdsdi_audio_v2_0_6.v_uhdsdi_audio_v2_0_6_sd_mux_pkt_gen
		errors: 0, warnings: 0
	module v_uhdsdi_audio_v2_0_6.v_uhdsdi_audio_v2_0_6_sd_mux_pkt_mux
		errors: 0, warnings: 0
	module v_uhdsdi_audio_v2_0_6.v_uhdsdi_audio_v2_0_6_sd_mux_ram_300x10
		errors: 0, warnings: 0
	module v_uhdsdi_audio_v2_0_6.v_uhdsdi_audio_v2_0_6_sd_mux_ram_64x9
		errors: 0, warnings: 0
	module v_uhdsdi_audio_v2_0_6.v_uhdsdi_audio_v2_0_6_sd_mux_samp_calc_alu
		errors: 0, warnings: 0
	module v_uhdsdi_audio_v2_0_6.v_uhdsdi_audio_v2_0_6_sd_mux_vid_delay
		errors: 0, warnings: 0
	module v_uhdsdi_audio_v2_0_6.v_uhdsdi_audio_v2_0_6_sd_mux_top
		errors: 0, warnings: 0
	module v_uhdsdi_audio_v2_0_6.v_uhdsdi_audio_v2_0_6_mux_axilite_slave
		errors: 0, warnings: 0
	module v_uhdsdi_audio_v2_0_6.v_uhdsdi_audio_v2_0_6_mux_axis_slave
		errors: 0, warnings: 0
	module v_uhdsdi_audio_v2_0_6.v_uhdsdi_audio_v2_0_6_mux_delay_dwx32
		errors: 0, warnings: 0
	module v_uhdsdi_audio_v2_0_6.v_uhdsdi_audio_v2_0_6_mux_inp_fifos
		errors: 0, warnings: 0
	module v_uhdsdi_audio_v2_0_6.v_uhdsdi_audio_v2_0_6_mux_top
		errors: 0, warnings: 0
	module v_uhdsdi_audio_v2_0_6.v_uhdsdi_audio_v2_0_6_hd_demux_arbiter
		errors: 0, warnings: 0
	module v_uhdsdi_audio_v2_0_6.v_uhdsdi_audio_v2_0_6_hd_demux_clk_phase
		errors: 0, warnings: 0
	module v_uhdsdi_audio_v2_0_6.v_uhdsdi_audio_v2_0_6_hd_demux_audio_det
		errors: 0, warnings: 0
	module v_uhdsdi_audio_v2_0_6.v_uhdsdi_audio_v2_0_6_hd_demux_data_extr
		errors: 0, warnings: 0
	module v_uhdsdi_audio_v2_0_6.v_uhdsdi_audio_v2_0_6_hd_demux_data
		errors: 0, warnings: 0
	module v_uhdsdi_audio_v2_0_6.v_uhdsdi_audio_v2_0_6_hd_demux_fifos
		errors: 0, warnings: 0
	module v_uhdsdi_audio_v2_0_6.v_uhdsdi_audio_v2_0_6_sd_demux_buffer_512
		errors: 0, warnings: 0
	module v_uhdsdi_audio_v2_0_6.v_uhdsdi_audio_v2_0_6_sd_demux_infsm
		errors: 0, warnings: 0
	module v_uhdsdi_audio_v2_0_6.v_uhdsdi_audio_v2_0_6_sd_demux_outfsm
		errors: 0, warnings: 0
	module v_uhdsdi_audio_v2_0_6.v_uhdsdi_audio_v2_0_6_sd_demux_pkt_del
		errors: 0, warnings: 0
	module v_uhdsdi_audio_v2_0_6.v_uhdsdi_audio_v2_0_6_sd_demux_present_flags
		errors: 0, warnings: 0
	module v_uhdsdi_audio_v2_0_6.v_uhdsdi_audio_v2_0_6_sd_demux_trs_adf_xyz_detect
		errors: 0, warnings: 0
	module v_uhdsdi_audio_v2_0_6.v_uhdsdi_audio_v2_0_6_sd_demux_aud_clk_gen
		errors: 0, warnings: 0
	module v_uhdsdi_audio_v2_0_6.v_uhdsdi_audio_v2_0_6_sd_demux_clock_interp_2
		errors: 0, warnings: 0
	module v_uhdsdi_audio_v2_0_6.v_uhdsdi_audio_v2_0_6_sd_demux_aes
		errors: 0, warnings: 0
	module v_uhdsdi_audio_v2_0_6.v_uhdsdi_audio_v2_0_6_sd_demux_aes_top
		errors: 0, warnings: 0
	module v_uhdsdi_audio_v2_0_6.v_uhdsdi_audio_v2_0_6_demux_axilite_slave
		errors: 0, warnings: 0
	module v_uhdsdi_audio_v2_0_6.v_uhdsdi_audio_v2_0_6_demux_axis_master
		errors: 0, warnings: 0
	module v_uhdsdi_audio_v2_0_6.v_uhdsdi_audio_v2_0_6_demux_rs_fifo1
		errors: 0, warnings: 0
	module v_uhdsdi_audio_v2_0_6.v_uhdsdi_audio_v2_0_6_demux_rs_fifo2
		errors: 0, warnings: 0
	module v_uhdsdi_audio_v2_0_6.v_uhdsdi_audio_v2_0_6_demux_top
		errors: 0, warnings: 0
