xmsc(64): 21.03-s002: (c) Copyright 1995-2021 Cadence Design Systems, Inc.
xmsc: /usr/bin/g++ -DNCSC -DCADENCE  -DLNX86 -D_GLIBCXX_USE_CXX11_ABI=1 -I/cad/installs/XCELIUM2103/tools/systemc/include_pch/64bit  -DSC_INCLUDE_DYNAMIC_PROCESSES -I/tools/Xilinx/Vivado/2022.1/data/systemc/simlibs/xscl/xscl/include -I/tools/Xilinx/Vivado/2022.1/data/systemc/simlibs/xscl/xscl/src -I/Volumes/export/isn/soumil/Xilinx/ifat6/pcb_ok_xem7310/pcb_ok_xem7310.cache/compile_simlib/xcelium/xtlm/include -I/Volumes/export/isn/soumil/Xilinx/ifat6/pcb_ok_xem7310/pcb_ok_xem7310.cache/compile_simlib/xcelium/common_cpp_v1_0/include -O3 -Wall -fPIC -std=gnu++14 -Wno-reorder -Wno-deprecated-declarations -Wno-unused-function -DSC_INCLUDE_DYNAMIC_PROCESSES -DNDEBUG -c -o /Volumes/export/isn/soumil/Xilinx/ifat6/pcb_ok_xem7310/pcb_ok_xem7310.cache/compile_simlib/xcelium/xscl/memory.o -DNCSC -DCADENCE  -DLNX86 -D_GLIBCXX_USE_CXX11_ABI=1 -I/cad/installs/XCELIUM2103/tools/systemc/include_pch/64bit  -I/cad/installs/XCELIUM2103/tools/systemc/include/tlm2 -I/cad/installs/XCELIUM2103/tools/systemc/include/cci -I/cad/installs/XCELIUM2103/tools/tbsc/include -I/cad/installs/XCELIUM2103/tools/vic/include -c -Wall  /tools/Xilinx/Vivado/2022.1/data/systemc/simlibs/xscl/xscl/src/memory.cpp
xmsc: *W,BADGCC: Compiler supplied by -compiler option conflicts with either default compiler or -GCC_VERS specified compiler..
xmsc: Producing NC-SC Diagnostic Messages for /tools/Xilinx/Vivado/2022.1/data/systemc/simlibs/xscl/xscl/src/memory.cpp...
"/tools/Xilinx/Vivado/2022.1/data/systemc/simlibs/xscl/xscl/src/memory.cpp",
          line 50: catastrophic error: cannot open source file "iomanip"
  #include <iomanip>
                    ^

1 catastrophic error detected in the compilation of "/tools/Xilinx/Vivado/2022.1/data/systemc/simlibs/xscl/xscl/src/memory.cpp".
Compilation terminated.
xmsc: Error executing: /usr/bin/g++ -DNCSC -DCADENCE  -DLNX86 -D_GLIBCXX_USE_CXX11_ABI=1 -I/cad/installs/XCELIUM2103/tools/systemc/include_pch/64bit  -DSC_INCLUDE_DYNAMIC_PROCESSES -I/tools/Xilinx/Vivado/2022.1/data/systemc/simlibs/xscl/xscl/include -I/tools/Xilinx/Vivado/2022.1/data/systemc/simlibs/xscl/xscl/src -I/Volumes/export/isn/soumil/Xilinx/ifat6/pcb_ok_xem7310/pcb_ok_xem7310.cache/compile_simlib/xcelium/xtlm/include -I/Volumes/export/isn/soumil/Xilinx/ifat6/pcb_ok_xem7310/pcb_ok_xem7310.cache/compile_simlib/xcelium/common_cpp_v1_0/include -O3 -Wall -fPIC -std=gnu++14 -Wno-reorder -Wno-deprecated-declarations -Wno-unused-function -DSC_INCLUDE_DYNAMIC_PROCESSES -DNDEBUG -c -o /Volumes/export/isn/soumil/Xilinx/ifat6/pcb_ok_xem7310/pcb_ok_xem7310.cache/compile_simlib/xcelium/xscl/memory.o -DNCSC -DCADENCE  -DLNX86 -D_GLIBCXX_USE_CXX11_ABI=1 -I/cad/installs/XCELIUM2103/tools/systemc/include_pch/64bit  -I/cad/installs/XCELIUM2103/tools/systemc/include/tlm2 -I/cad/installs/XCELIUM2103/tools/systemc/include/cci -I/cad/installs/XCELIUM2103/tools/tbsc/include -I/cad/installs/XCELIUM2103/tools/vic/include -c -Wall /tools/Xilinx/Vivado/2022.1/data/systemc/simlibs/xscl/xscl/src/memory.cpp
xmsc(64): 21.03-s002: (c) Copyright 1995-2021 Cadence Design Systems, Inc.
xmsc: /usr/bin/g++ -DNCSC -DCADENCE  -DLNX86 -D_GLIBCXX_USE_CXX11_ABI=1 -I/cad/installs/XCELIUM2103/tools/systemc/include_pch/64bit  -DSC_INCLUDE_DYNAMIC_PROCESSES -I/tools/Xilinx/Vivado/2022.1/data/systemc/simlibs/xscl/xscl/include -I/tools/Xilinx/Vivado/2022.1/data/systemc/simlibs/xscl/xscl/src -I/Volumes/export/isn/soumil/Xilinx/ifat6/pcb_ok_xem7310/pcb_ok_xem7310.cache/compile_simlib/xcelium/xtlm/include -I/Volumes/export/isn/soumil/Xilinx/ifat6/pcb_ok_xem7310/pcb_ok_xem7310.cache/compile_simlib/xcelium/common_cpp_v1_0/include -O3 -Wall -fPIC -std=gnu++14 -Wno-reorder -Wno-deprecated-declarations -Wno-unused-function -DSC_INCLUDE_DYNAMIC_PROCESSES -DNDEBUG -c -o /Volumes/export/isn/soumil/Xilinx/ifat6/pcb_ok_xem7310/pcb_ok_xem7310.cache/compile_simlib/xcelium/xscl/mmapStorageEngine.o -DNCSC -DCADENCE  -DLNX86 -D_GLIBCXX_USE_CXX11_ABI=1 -I/cad/installs/XCELIUM2103/tools/systemc/include_pch/64bit  -I/cad/installs/XCELIUM2103/tools/systemc/include/tlm2 -I/cad/installs/XCELIUM2103/tools/systemc/include/cci -I/cad/installs/XCELIUM2103/tools/tbsc/include -I/cad/installs/XCELIUM2103/tools/vic/include -c -Wall  /tools/Xilinx/Vivado/2022.1/data/systemc/simlibs/xscl/xscl/src/mmapStorageEngine.cpp
xmsc: *W,BADGCC: Compiler supplied by -compiler option conflicts with either default compiler or -GCC_VERS specified compiler..
xmsc: Producing NC-SC Diagnostic Messages for /tools/Xilinx/Vivado/2022.1/data/systemc/simlibs/xscl/xscl/src/mmapStorageEngine.cpp...
"/tools/Xilinx/Vivado/2022.1/data/systemc/simlibs/xscl/xscl/src/mmapStorageEngi
          ne.cpp", line 51: catastrophic error: cannot open source file
          "sstream"
  #include <sstream>
                    ^

1 catastrophic error detected in the compilation of "/tools/Xilinx/Vivado/2022.1/data/systemc/simlibs/xscl/xscl/src/mmapStorageEngine.cpp".
Compilation terminated.
xmsc: Error executing: /usr/bin/g++ -DNCSC -DCADENCE  -DLNX86 -D_GLIBCXX_USE_CXX11_ABI=1 -I/cad/installs/XCELIUM2103/tools/systemc/include_pch/64bit  -DSC_INCLUDE_DYNAMIC_PROCESSES -I/tools/Xilinx/Vivado/2022.1/data/systemc/simlibs/xscl/xscl/include -I/tools/Xilinx/Vivado/2022.1/data/systemc/simlibs/xscl/xscl/src -I/Volumes/export/isn/soumil/Xilinx/ifat6/pcb_ok_xem7310/pcb_ok_xem7310.cache/compile_simlib/xcelium/xtlm/include -I/Volumes/export/isn/soumil/Xilinx/ifat6/pcb_ok_xem7310/pcb_ok_xem7310.cache/compile_simlib/xcelium/common_cpp_v1_0/include -O3 -Wall -fPIC -std=gnu++14 -Wno-reorder -Wno-deprecated-declarations -Wno-unused-function -DSC_INCLUDE_DYNAMIC_PROCESSES -DNDEBUG -c -o /Volumes/export/isn/soumil/Xilinx/ifat6/pcb_ok_xem7310/pcb_ok_xem7310.cache/compile_simlib/xcelium/xscl/mmapStorageEngine.o -DNCSC -DCADENCE  -DLNX86 -D_GLIBCXX_USE_CXX11_ABI=1 -I/cad/installs/XCELIUM2103/tools/systemc/include_pch/64bit  -I/cad/installs/XCELIUM2103/tools/systemc/include/tlm2 -I/cad/installs/XCELIUM2103/tools/systemc/include/cci -I/cad/installs/XCELIUM2103/tools/tbsc/include -I/cad/installs/XCELIUM2103/tools/vic/include -c -Wall /tools/Xilinx/Vivado/2022.1/data/systemc/simlibs/xscl/xscl/src/mmapStorageEngine.cpp
xmsc(64): 21.03-s002: (c) Copyright 1995-2021 Cadence Design Systems, Inc.
xmsc: /usr/bin/g++ -DNCSC -DCADENCE  -DLNX86 -D_GLIBCXX_USE_CXX11_ABI=1 -I/cad/installs/XCELIUM2103/tools/systemc/include_pch/64bit  -DSC_INCLUDE_DYNAMIC_PROCESSES -I/tools/Xilinx/Vivado/2022.1/data/systemc/simlibs/xscl/xscl/include -I/tools/Xilinx/Vivado/2022.1/data/systemc/simlibs/xscl/xscl/src -I/Volumes/export/isn/soumil/Xilinx/ifat6/pcb_ok_xem7310/pcb_ok_xem7310.cache/compile_simlib/xcelium/xtlm/include -I/Volumes/export/isn/soumil/Xilinx/ifat6/pcb_ok_xem7310/pcb_ok_xem7310.cache/compile_simlib/xcelium/common_cpp_v1_0/include -O3 -Wall -fPIC -std=gnu++14 -Wno-reorder -Wno-deprecated-declarations -Wno-unused-function -DSC_INCLUDE_DYNAMIC_PROCESSES -DNDEBUG -c -o /Volumes/export/isn/soumil/Xilinx/ifat6/pcb_ok_xem7310/pcb_ok_xem7310.cache/compile_simlib/xcelium/xscl/support.o -DNCSC -DCADENCE  -DLNX86 -D_GLIBCXX_USE_CXX11_ABI=1 -I/cad/installs/XCELIUM2103/tools/systemc/include_pch/64bit  -I/cad/installs/XCELIUM2103/tools/systemc/include/tlm2 -I/cad/installs/XCELIUM2103/tools/systemc/include/cci -I/cad/installs/XCELIUM2103/tools/tbsc/include -I/cad/installs/XCELIUM2103/tools/vic/include -c -Wall  /tools/Xilinx/Vivado/2022.1/data/systemc/simlibs/xscl/xscl/src/support.cpp
xmsc: *W,BADGCC: Compiler supplied by -compiler option conflicts with either default compiler or -GCC_VERS specified compiler..
xmsc: Producing NC-SC Diagnostic Messages for /tools/Xilinx/Vivado/2022.1/data/systemc/simlibs/xscl/xscl/src/support.cpp...
"/Volumes/export/isn/soumil/Xilinx/ifat6/pcb_ok_xem7310/pcb_ok_xem7310.cache/co
          mpile_simlib/xcelium/common_cpp_v1_0/include/report_handler.h", line
          55: catastrophic error: cannot open source file "iostream"
  #include<iostream>
                    ^

1 catastrophic error detected in the compilation of "/tools/Xilinx/Vivado/2022.1/data/systemc/simlibs/xscl/xscl/src/support.cpp".
Compilation terminated.
xmsc: Error executing: /usr/bin/g++ -DNCSC -DCADENCE  -DLNX86 -D_GLIBCXX_USE_CXX11_ABI=1 -I/cad/installs/XCELIUM2103/tools/systemc/include_pch/64bit  -DSC_INCLUDE_DYNAMIC_PROCESSES -I/tools/Xilinx/Vivado/2022.1/data/systemc/simlibs/xscl/xscl/include -I/tools/Xilinx/Vivado/2022.1/data/systemc/simlibs/xscl/xscl/src -I/Volumes/export/isn/soumil/Xilinx/ifat6/pcb_ok_xem7310/pcb_ok_xem7310.cache/compile_simlib/xcelium/xtlm/include -I/Volumes/export/isn/soumil/Xilinx/ifat6/pcb_ok_xem7310/pcb_ok_xem7310.cache/compile_simlib/xcelium/common_cpp_v1_0/include -O3 -Wall -fPIC -std=gnu++14 -Wno-reorder -Wno-deprecated-declarations -Wno-unused-function -DSC_INCLUDE_DYNAMIC_PROCESSES -DNDEBUG -c -o /Volumes/export/isn/soumil/Xilinx/ifat6/pcb_ok_xem7310/pcb_ok_xem7310.cache/compile_simlib/xcelium/xscl/support.o -DNCSC -DCADENCE  -DLNX86 -D_GLIBCXX_USE_CXX11_ABI=1 -I/cad/installs/XCELIUM2103/tools/systemc/include_pch/64bit  -I/cad/installs/XCELIUM2103/tools/systemc/include/tlm2 -I/cad/installs/XCELIUM2103/tools/systemc/include/cci -I/cad/installs/XCELIUM2103/tools/tbsc/include -I/cad/installs/XCELIUM2103/tools/vic/include -c -Wall /tools/Xilinx/Vivado/2022.1/data/systemc/simlibs/xscl/xscl/src/support.cpp
