xmvlog(64): 21.03-s002: (c) Copyright 1995-2021 Cadence Design Systems, Inc.
file: /tools/Xilinx/Vivado/2022.1/data/ip/xilinx/versal_cips_ps_vip_v1_0/hdl/versal_cips_ps_vip_v1_0_vl_rfs.sv
	module versal_cips_ps_vip_v1_0_4.bd_0cac_s00mmu_0
		errors: 0, warnings: 0
	module versal_cips_ps_vip_v1_0_4.bd_0d4c_s00mmu_0
		errors: 0, warnings: 0
	module versal_cips_ps_vip_v1_0_4.bd_0dbc_s00mmu_0
		errors: 0, warnings: 0
	module versal_cips_ps_vip_v1_0_4.bd_cc0d_s00mmu_0
		errors: 0, warnings: 0
	module versal_cips_ps_vip_v1_0_4.bd_ccfd_s00mmu_0
		errors: 0, warnings: 0
	module versal_cips_ps_vip_v1_0_4.bd_cd1d_s00mmu_0
		errors: 0, warnings: 0
	module versal_cips_ps_vip_v1_0_4.bd_cded_s00mmu_0
		errors: 0, warnings: 0
	module versal_cips_ps_vip_v1_0_4.bd_0cac_s00tr_0
		errors: 0, warnings: 0
	module versal_cips_ps_vip_v1_0_4.bd_0d4c_s00tr_0
		errors: 0, warnings: 0
	module versal_cips_ps_vip_v1_0_4.bd_0dbc_s00tr_0
		errors: 0, warnings: 0
	module versal_cips_ps_vip_v1_0_4.bd_cc0d_s00tr_0
		errors: 0, warnings: 0
	module versal_cips_ps_vip_v1_0_4.bd_ccfd_s00tr_0
		errors: 0, warnings: 0
	module versal_cips_ps_vip_v1_0_4.bd_cd1d_s00tr_0
		errors: 0, warnings: 0
	module versal_cips_ps_vip_v1_0_4.bd_cded_s00tr_0
		errors: 0, warnings: 0
	module versal_cips_ps_vip_v1_0_4.bd_0cac_s00sic_0
		errors: 0, warnings: 0
	module versal_cips_ps_vip_v1_0_4.bd_0d4c_s00sic_0
		errors: 0, warnings: 0
	module versal_cips_ps_vip_v1_0_4.bd_0dbc_s00sic_0
		errors: 0, warnings: 0
	module versal_cips_ps_vip_v1_0_4.bd_cc0d_s00sic_0
		errors: 0, warnings: 0
	module versal_cips_ps_vip_v1_0_4.bd_ccfd_s00sic_0
		errors: 0, warnings: 0
	module versal_cips_ps_vip_v1_0_4.bd_cd1d_s00sic_0
		errors: 0, warnings: 0
	module versal_cips_ps_vip_v1_0_4.bd_cded_s00sic_0
		errors: 0, warnings: 0
	module versal_cips_ps_vip_v1_0_4.bd_0cac_s00a2s_0
		errors: 0, warnings: 0
	module versal_cips_ps_vip_v1_0_4.bd_0d4c_s00a2s_0
		errors: 0, warnings: 0
	module versal_cips_ps_vip_v1_0_4.bd_0dbc_s00a2s_0
		errors: 0, warnings: 0
	module versal_cips_ps_vip_v1_0_4.bd_cc0d_s00a2s_0
		errors: 0, warnings: 0
	module versal_cips_ps_vip_v1_0_4.bd_ccfd_s00a2s_0
		errors: 0, warnings: 0
	module versal_cips_ps_vip_v1_0_4.bd_cd1d_s00a2s_0
		errors: 0, warnings: 0
	module versal_cips_ps_vip_v1_0_4.bd_cded_s00a2s_0
		errors: 0, warnings: 0
	module versal_cips_ps_vip_v1_0_4.bd_0cac_sawn_0
		errors: 0, warnings: 0
	module versal_cips_ps_vip_v1_0_4.bd_0d4c_sawn_0
		errors: 0, warnings: 0
	module versal_cips_ps_vip_v1_0_4.bd_0dbc_sawn_0
		errors: 0, warnings: 0
	module versal_cips_ps_vip_v1_0_4.bd_cc0d_sawn_0
		errors: 0, warnings: 0
	module versal_cips_ps_vip_v1_0_4.bd_ccfd_sawn_0
		errors: 0, warnings: 0
	module versal_cips_ps_vip_v1_0_4.bd_cd1d_sawn_0
		errors: 0, warnings: 0
	module versal_cips_ps_vip_v1_0_4.bd_cded_sawn_0
		errors: 0, warnings: 0
	module versal_cips_ps_vip_v1_0_4.bd_0cac_sarn_0
		errors: 0, warnings: 0
	module versal_cips_ps_vip_v1_0_4.bd_0d4c_sarn_0
		errors: 0, warnings: 0
	module versal_cips_ps_vip_v1_0_4.bd_0dbc_sarn_0
		errors: 0, warnings: 0
	module versal_cips_ps_vip_v1_0_4.bd_cc0d_sarn_0
		errors: 0, warnings: 0
	module versal_cips_ps_vip_v1_0_4.bd_ccfd_sarn_0
		errors: 0, warnings: 0
	module versal_cips_ps_vip_v1_0_4.bd_cd1d_sarn_0
		errors: 0, warnings: 0
	module versal_cips_ps_vip_v1_0_4.bd_cded_sarn_0
		errors: 0, warnings: 0
	module versal_cips_ps_vip_v1_0_4.bd_0cac_swn_0
		errors: 0, warnings: 0
	module versal_cips_ps_vip_v1_0_4.bd_0d4c_swn_0
		errors: 0, warnings: 0
	module versal_cips_ps_vip_v1_0_4.bd_0dbc_swn_0
		errors: 0, warnings: 0
	module versal_cips_ps_vip_v1_0_4.bd_cc0d_swn_0
		errors: 0, warnings: 0
	module versal_cips_ps_vip_v1_0_4.bd_ccfd_swn_0
		errors: 0, warnings: 0
	module versal_cips_ps_vip_v1_0_4.bd_cd1d_swn_0
		errors: 0, warnings: 0
	module versal_cips_ps_vip_v1_0_4.bd_cded_swn_0
		errors: 0, warnings: 0
	module versal_cips_ps_vip_v1_0_4.bd_0cac_srn_0
		errors: 0, warnings: 0
	module versal_cips_ps_vip_v1_0_4.bd_0d4c_srn_0
		errors: 0, warnings: 0
	module versal_cips_ps_vip_v1_0_4.bd_0dbc_srn_0
		errors: 0, warnings: 0
	module versal_cips_ps_vip_v1_0_4.bd_cc0d_srn_0
		errors: 0, warnings: 0
	module versal_cips_ps_vip_v1_0_4.bd_ccfd_srn_0
		errors: 0, warnings: 0
	module versal_cips_ps_vip_v1_0_4.bd_cd1d_srn_0
		errors: 0, warnings: 0
	module versal_cips_ps_vip_v1_0_4.bd_cded_srn_0
		errors: 0, warnings: 0
	module versal_cips_ps_vip_v1_0_4.bd_0cac_sbn_0
		errors: 0, warnings: 0
	module versal_cips_ps_vip_v1_0_4.bd_0d4c_sbn_0
		errors: 0, warnings: 0
	module versal_cips_ps_vip_v1_0_4.bd_0dbc_sbn_0
		errors: 0, warnings: 0
	module versal_cips_ps_vip_v1_0_4.bd_cc0d_sbn_0
		errors: 0, warnings: 0
	module versal_cips_ps_vip_v1_0_4.bd_ccfd_sbn_0
		errors: 0, warnings: 0
	module versal_cips_ps_vip_v1_0_4.bd_cd1d_sbn_0
		errors: 0, warnings: 0
	module versal_cips_ps_vip_v1_0_4.bd_cded_sbn_0
		errors: 0, warnings: 0
	module versal_cips_ps_vip_v1_0_4.bd_0dbc_arsw_0
		errors: 0, warnings: 0
	module versal_cips_ps_vip_v1_0_4.bd_0dbc_awsw_0
		errors: 0, warnings: 0
	module versal_cips_ps_vip_v1_0_4.bd_0dbc_bsw_0
		errors: 0, warnings: 0
	module versal_cips_ps_vip_v1_0_4.bd_0dbc_rsw_0
		errors: 0, warnings: 0
	module versal_cips_ps_vip_v1_0_4.bd_0dbc_wsw_0
		errors: 0, warnings: 0
	module versal_cips_ps_vip_v1_0_4.bd_0dbc_m00awn_0
		errors: 0, warnings: 0
	module versal_cips_ps_vip_v1_0_4.bd_0dbc_m01awn_0
		errors: 0, warnings: 0
	module versal_cips_ps_vip_v1_0_4.bd_0dbc_m02awn_0
		errors: 0, warnings: 0
	module versal_cips_ps_vip_v1_0_4.bd_0dbc_m03awn_0
		errors: 0, warnings: 0
	module versal_cips_ps_vip_v1_0_4.bd_0dbc_m04awn_0
		errors: 0, warnings: 0
	module versal_cips_ps_vip_v1_0_4.bd_0dbc_m05awn_0
		errors: 0, warnings: 0
	module versal_cips_ps_vip_v1_0_4.bd_0dbc_m06awn_0
		errors: 0, warnings: 0
	module versal_cips_ps_vip_v1_0_4.bd_0dbc_m07awn_0
		errors: 0, warnings: 0
	module versal_cips_ps_vip_v1_0_4.bd_0dbc_m08awn_0
		errors: 0, warnings: 0
	module versal_cips_ps_vip_v1_0_4.bd_0dbc_m09awn_0
		errors: 0, warnings: 0
	module versal_cips_ps_vip_v1_0_4.bd_0dbc_m10awn_0
		errors: 0, warnings: 0
	module versal_cips_ps_vip_v1_0_4.bd_0dbc_m11awn_0
		errors: 0, warnings: 0
	module versal_cips_ps_vip_v1_0_4.bd_0dbc_m12awn_0
		errors: 0, warnings: 0
	module versal_cips_ps_vip_v1_0_4.bd_0dbc_m13awn_0
		errors: 0, warnings: 0
	module versal_cips_ps_vip_v1_0_4.bd_0dbc_m00arn_0
		errors: 0, warnings: 0
	module versal_cips_ps_vip_v1_0_4.bd_0dbc_m01arn_0
		errors: 0, warnings: 0
	module versal_cips_ps_vip_v1_0_4.bd_0dbc_m02arn_0
		errors: 0, warnings: 0
	module versal_cips_ps_vip_v1_0_4.bd_0dbc_m03arn_0
		errors: 0, warnings: 0
	module versal_cips_ps_vip_v1_0_4.bd_0dbc_m04arn_0
		errors: 0, warnings: 0
	module versal_cips_ps_vip_v1_0_4.bd_0dbc_m05arn_0
		errors: 0, warnings: 0
	module versal_cips_ps_vip_v1_0_4.bd_0dbc_m06arn_0
		errors: 0, warnings: 0
	module versal_cips_ps_vip_v1_0_4.bd_0dbc_m07arn_0
		errors: 0, warnings: 0
	module versal_cips_ps_vip_v1_0_4.bd_0dbc_m08arn_0
		errors: 0, warnings: 0
	module versal_cips_ps_vip_v1_0_4.bd_0dbc_m09arn_0
		errors: 0, warnings: 0
	module versal_cips_ps_vip_v1_0_4.bd_0dbc_m10arn_0
		errors: 0, warnings: 0
	module versal_cips_ps_vip_v1_0_4.bd_0dbc_m11arn_0
		errors: 0, warnings: 0
	module versal_cips_ps_vip_v1_0_4.bd_0dbc_m12arn_0
		errors: 0, warnings: 0
	module versal_cips_ps_vip_v1_0_4.bd_0dbc_m13arn_0
		errors: 0, warnings: 0
	module versal_cips_ps_vip_v1_0_4.bd_0dbc_m00wn_0
		errors: 0, warnings: 0
	module versal_cips_ps_vip_v1_0_4.bd_0dbc_m01wn_0
		errors: 0, warnings: 0
	module versal_cips_ps_vip_v1_0_4.bd_0dbc_m02wn_0
		errors: 0, warnings: 0
	module versal_cips_ps_vip_v1_0_4.bd_0dbc_m03wn_0
		errors: 0, warnings: 0
	module versal_cips_ps_vip_v1_0_4.bd_0dbc_m04wn_0
		errors: 0, warnings: 0
	module versal_cips_ps_vip_v1_0_4.bd_0dbc_m05wn_0
		errors: 0, warnings: 0
	module versal_cips_ps_vip_v1_0_4.bd_0dbc_m06wn_0
		errors: 0, warnings: 0
	module versal_cips_ps_vip_v1_0_4.bd_0dbc_m07wn_0
		errors: 0, warnings: 0
	module versal_cips_ps_vip_v1_0_4.bd_0dbc_m08wn_0
		errors: 0, warnings: 0
	module versal_cips_ps_vip_v1_0_4.bd_0dbc_m09wn_0
		errors: 0, warnings: 0
	module versal_cips_ps_vip_v1_0_4.bd_0dbc_m10wn_0
		errors: 0, warnings: 0
	module versal_cips_ps_vip_v1_0_4.bd_0dbc_m11wn_0
		errors: 0, warnings: 0
	module versal_cips_ps_vip_v1_0_4.bd_0dbc_m12wn_0
		errors: 0, warnings: 0
	module versal_cips_ps_vip_v1_0_4.bd_0dbc_m13wn_0
		errors: 0, warnings: 0
	module versal_cips_ps_vip_v1_0_4.bd_0dbc_m00rn_0
		errors: 0, warnings: 0
	module versal_cips_ps_vip_v1_0_4.bd_0dbc_m01rn_0
		errors: 0, warnings: 0
	module versal_cips_ps_vip_v1_0_4.bd_0dbc_m02rn_0
		errors: 0, warnings: 0
	module versal_cips_ps_vip_v1_0_4.bd_0dbc_m03rn_0
		errors: 0, warnings: 0
	module versal_cips_ps_vip_v1_0_4.bd_0dbc_m04rn_0
		errors: 0, warnings: 0
	module versal_cips_ps_vip_v1_0_4.bd_0dbc_m05rn_0
		errors: 0, warnings: 0
	module versal_cips_ps_vip_v1_0_4.bd_0dbc_m06rn_0
		errors: 0, warnings: 0
	module versal_cips_ps_vip_v1_0_4.bd_0dbc_m07rn_0
		errors: 0, warnings: 0
	module versal_cips_ps_vip_v1_0_4.bd_0dbc_m08rn_0
		errors: 0, warnings: 0
	module versal_cips_ps_vip_v1_0_4.bd_0dbc_m09rn_0
		errors: 0, warnings: 0
	module versal_cips_ps_vip_v1_0_4.bd_0dbc_m10rn_0
		errors: 0, warnings: 0
	module versal_cips_ps_vip_v1_0_4.bd_0dbc_m11rn_0
		errors: 0, warnings: 0
	module versal_cips_ps_vip_v1_0_4.bd_0dbc_m12rn_0
		errors: 0, warnings: 0
	module versal_cips_ps_vip_v1_0_4.bd_0dbc_m13rn_0
		errors: 0, warnings: 0
	module versal_cips_ps_vip_v1_0_4.bd_0dbc_m00bn_0
		errors: 0, warnings: 0
	module versal_cips_ps_vip_v1_0_4.bd_0dbc_m01bn_0
		errors: 0, warnings: 0
	module versal_cips_ps_vip_v1_0_4.bd_0dbc_m02bn_0
		errors: 0, warnings: 0
	module versal_cips_ps_vip_v1_0_4.bd_0dbc_m03bn_0
		errors: 0, warnings: 0
	module versal_cips_ps_vip_v1_0_4.bd_0dbc_m04bn_0
		errors: 0, warnings: 0
	module versal_cips_ps_vip_v1_0_4.bd_0dbc_m05bn_0
		errors: 0, warnings: 0
	module versal_cips_ps_vip_v1_0_4.bd_0dbc_m06bn_0
		errors: 0, warnings: 0
	module versal_cips_ps_vip_v1_0_4.bd_0dbc_m07bn_0
		errors: 0, warnings: 0
	module versal_cips_ps_vip_v1_0_4.bd_0dbc_m08bn_0
		errors: 0, warnings: 0
	module versal_cips_ps_vip_v1_0_4.bd_0dbc_m09bn_0
		errors: 0, warnings: 0
	module versal_cips_ps_vip_v1_0_4.bd_0dbc_m10bn_0
		errors: 0, warnings: 0
	module versal_cips_ps_vip_v1_0_4.bd_0dbc_m11bn_0
		errors: 0, warnings: 0
	module versal_cips_ps_vip_v1_0_4.bd_0dbc_m12bn_0
		errors: 0, warnings: 0
	module versal_cips_ps_vip_v1_0_4.bd_0dbc_m13bn_0
		errors: 0, warnings: 0
	module versal_cips_ps_vip_v1_0_4.bd_0cac_m00s2a_0
		errors: 0, warnings: 0
	module versal_cips_ps_vip_v1_0_4.bd_0d4c_m00s2a_0
		errors: 0, warnings: 0
	module versal_cips_ps_vip_v1_0_4.bd_0dbc_m00s2a_0
		errors: 0, warnings: 0
	module versal_cips_ps_vip_v1_0_4.bd_0dbc_m01s2a_0
		errors: 0, warnings: 0
	module versal_cips_ps_vip_v1_0_4.bd_0dbc_m02s2a_0
		errors: 0, warnings: 0
	module versal_cips_ps_vip_v1_0_4.bd_0dbc_m03s2a_0
		errors: 0, warnings: 0
	module versal_cips_ps_vip_v1_0_4.bd_0dbc_m04s2a_0
		errors: 0, warnings: 0
	module versal_cips_ps_vip_v1_0_4.bd_0dbc_m05s2a_0
		errors: 0, warnings: 0
	module versal_cips_ps_vip_v1_0_4.bd_0dbc_m06s2a_0
		errors: 0, warnings: 0
	module versal_cips_ps_vip_v1_0_4.bd_0dbc_m07s2a_0
		errors: 0, warnings: 0
	module versal_cips_ps_vip_v1_0_4.bd_0dbc_m08s2a_0
		errors: 0, warnings: 0
	module versal_cips_ps_vip_v1_0_4.bd_0dbc_m09s2a_0
		errors: 0, warnings: 0
	module versal_cips_ps_vip_v1_0_4.bd_0dbc_m10s2a_0
		errors: 0, warnings: 0
	module versal_cips_ps_vip_v1_0_4.bd_0dbc_m11s2a_0
		errors: 0, warnings: 0
	module versal_cips_ps_vip_v1_0_4.bd_0dbc_m12s2a_0
		errors: 0, warnings: 0
	module versal_cips_ps_vip_v1_0_4.bd_0dbc_m13s2a_0
		errors: 0, warnings: 0
	module versal_cips_ps_vip_v1_0_4.bd_cc0d_m00s2a_0
		errors: 0, warnings: 0
	module versal_cips_ps_vip_v1_0_4.bd_ccfd_m00s2a_0
		errors: 0, warnings: 0
	module versal_cips_ps_vip_v1_0_4.bd_cd1d_m00s2a_0
		errors: 0, warnings: 0
	module versal_cips_ps_vip_v1_0_4.bd_cded_m00s2a_0
		errors: 0, warnings: 0
	module versal_cips_ps_vip_v1_0_4.bd_0cac_m00e_0
		errors: 0, warnings: 0
	module versal_cips_ps_vip_v1_0_4.bd_0d4c_m00e_0
		errors: 0, warnings: 0
	module versal_cips_ps_vip_v1_0_4.bd_0dbc_m00e_0
		errors: 0, warnings: 0
	module versal_cips_ps_vip_v1_0_4.bd_0dbc_m01e_0
		errors: 0, warnings: 0
	module versal_cips_ps_vip_v1_0_4.bd_0dbc_m02e_0
		errors: 0, warnings: 0
	module versal_cips_ps_vip_v1_0_4.bd_0dbc_m03e_0
		errors: 0, warnings: 0
	module versal_cips_ps_vip_v1_0_4.bd_0dbc_m04e_0
		errors: 0, warnings: 0
	module versal_cips_ps_vip_v1_0_4.bd_0dbc_m05e_0
		errors: 0, warnings: 0
	module versal_cips_ps_vip_v1_0_4.bd_0dbc_m06e_0
		errors: 0, warnings: 0
	module versal_cips_ps_vip_v1_0_4.bd_0dbc_m07e_0
		errors: 0, warnings: 0
	module versal_cips_ps_vip_v1_0_4.bd_0dbc_m08e_0
		errors: 0, warnings: 0
	module versal_cips_ps_vip_v1_0_4.bd_0dbc_m09e_0
		errors: 0, warnings: 0
	module versal_cips_ps_vip_v1_0_4.bd_0dbc_m10e_0
		errors: 0, warnings: 0
	module versal_cips_ps_vip_v1_0_4.bd_0dbc_m11e_0
		errors: 0, warnings: 0
	module versal_cips_ps_vip_v1_0_4.bd_0dbc_m12e_0
		errors: 0, warnings: 0
	module versal_cips_ps_vip_v1_0_4.bd_0dbc_m13e_0
		errors: 0, warnings: 0
	module versal_cips_ps_vip_v1_0_4.bd_cc0d_m00e_0
		errors: 0, warnings: 0
	module versal_cips_ps_vip_v1_0_4.bd_ccfd_m00e_0
		errors: 0, warnings: 0
	module versal_cips_ps_vip_v1_0_4.bd_cd1d_m00e_0
		errors: 0, warnings: 0
	module versal_cips_ps_vip_v1_0_4.bd_cded_m00e_0
		errors: 0, warnings: 0
	module versal_cips_ps_vip_v1_0_4.bd_0cac
		errors: 0, warnings: 0
	module versal_cips_ps_vip_v1_0_4.clk_map_imp_FWO6G6
		errors: 0, warnings: 0
	module versal_cips_ps_vip_v1_0_4.m00_exit_pipeline_imp_1HTNED9
		errors: 0, warnings: 0
	module versal_cips_ps_vip_v1_0_4.s00_entry_pipeline_imp_IJGHVI
		errors: 0, warnings: 0
	module versal_cips_ps_vip_v1_0_4.s00_nodes_imp_O97M1W
		errors: 0, warnings: 0
	module versal_cips_ps_vip_v1_0_4.bd_0d4c
		errors: 0, warnings: 0
	module versal_cips_ps_vip_v1_0_4.clk_map_imp_1XVKIEQ
		errors: 0, warnings: 0
	module versal_cips_ps_vip_v1_0_4.m00_exit_pipeline_imp_YNWMH
		errors: 0, warnings: 0
	module versal_cips_ps_vip_v1_0_4.s00_entry_pipeline_imp_ZLQJMY
		errors: 0, warnings: 0
	module versal_cips_ps_vip_v1_0_4.s00_nodes_imp_15LEI28
		errors: 0, warnings: 0
	module versal_cips_ps_vip_v1_0_4.bd_0dbc
		errors: 0, warnings: 0
	module versal_cips_ps_vip_v1_0_4.clk_map_imp_6FVISG
		errors: 0, warnings: 0
	module versal_cips_ps_vip_v1_0_4.m00_exit_pipeline_imp_1UHAQ7V
		errors: 0, warnings: 0
	module versal_cips_ps_vip_v1_0_4.m00_nodes_imp_1H6LEZB
		errors: 0, warnings: 0
	module versal_cips_ps_vip_v1_0_4.m01_exit_pipeline_imp_1X05AM3
		errors: 0, warnings: 0
	module versal_cips_ps_vip_v1_0_4.m01_nodes_imp_9LZAE9
		errors: 0, warnings: 0
	module versal_cips_ps_vip_v1_0_4.m02_exit_pipeline_imp_1HROFY3
		errors: 0, warnings: 0
	module versal_cips_ps_vip_v1_0_4.m02_nodes_imp_QAIOCA
		errors: 0, warnings: 0
	module versal_cips_ps_vip_v1_0_4.m03_exit_pipeline_imp_1NMDFGB
		errors: 0, warnings: 0
	module versal_cips_ps_vip_v1_0_4.m03_nodes_imp_1IBTZNW
		errors: 0, warnings: 0
	module versal_cips_ps_vip_v1_0_4.m04_exit_pipeline_imp_1DQ62BF
		errors: 0, warnings: 0
	module versal_cips_ps_vip_v1_0_4.m04_nodes_imp_1A258UK
		errors: 0, warnings: 0
	module versal_cips_ps_vip_v1_0_4.m05_exit_pipeline_imp_19ISH6J
		errors: 0, warnings: 0
	module versal_cips_ps_vip_v1_0_4.m05_nodes_imp_GDXY0Q
		errors: 0, warnings: 0
	module versal_cips_ps_vip_v1_0_4.m06_exit_pipeline_imp_17OBFEJ
		errors: 0, warnings: 0
	module versal_cips_ps_vip_v1_0_4.m06_nodes_imp_JTINXD
		errors: 0, warnings: 0
	module versal_cips_ps_vip_v1_0_4.m07_exit_pipeline_imp_12CYR97
		errors: 0, warnings: 0
	module versal_cips_ps_vip_v1_0_4.m07_nodes_imp_1OLC72V
		errors: 0, warnings: 0
	module versal_cips_ps_vip_v1_0_4.m08_exit_pipeline_imp_O3KBI3
		errors: 0, warnings: 0
	module versal_cips_ps_vip_v1_0_4.m08_nodes_imp_1340KDD
		errors: 0, warnings: 0
	module versal_cips_ps_vip_v1_0_4.m09_exit_pipeline_imp_IAQRCR
		errors: 0, warnings: 0
	module versal_cips_ps_vip_v1_0_4.m09_nodes_imp_4ZKAQF
		errors: 0, warnings: 0
	module versal_cips_ps_vip_v1_0_4.m10_exit_pipeline_imp_WFU8RZ
		errors: 0, warnings: 0
	module versal_cips_ps_vip_v1_0_4.m10_nodes_imp_1RBYM7
		errors: 0, warnings: 0
	module versal_cips_ps_vip_v1_0_4.m11_exit_pipeline_imp_ROGENJ
		errors: 0, warnings: 0
	module versal_cips_ps_vip_v1_0_4.m11_nodes_imp_173PQX5
		errors: 0, warnings: 0
	module versal_cips_ps_vip_v1_0_4.m12_exit_pipeline_imp_P69RVZ
		errors: 0, warnings: 0
	module versal_cips_ps_vip_v1_0_4.m12_nodes_imp_1S5NJ9U
		errors: 0, warnings: 0
	module versal_cips_ps_vip_v1_0_4.m13_exit_pipeline_imp_LIV0RZ
		errors: 0, warnings: 0
	module versal_cips_ps_vip_v1_0_4.m13_nodes_imp_XWQCRO
		errors: 0, warnings: 0
	module versal_cips_ps_vip_v1_0_4.s00_entry_pipeline_imp_U5O1TK
		errors: 0, warnings: 0
	module versal_cips_ps_vip_v1_0_4.s00_nodes_imp_XKZS4I
		errors: 0, warnings: 0
	module versal_cips_ps_vip_v1_0_4.switchboards_imp_59QIBA
		errors: 0, warnings: 0
	module versal_cips_ps_vip_v1_0_4.bd_cc0d
		errors: 0, warnings: 0
	module versal_cips_ps_vip_v1_0_4.clk_map_imp_1PD3E58
		errors: 0, warnings: 0
	module versal_cips_ps_vip_v1_0_4.m00_exit_pipeline_imp_AEVB7R
		errors: 0, warnings: 0
	module versal_cips_ps_vip_v1_0_4.s00_entry_pipeline_imp_1A8XJES
		errors: 0, warnings: 0
	module versal_cips_ps_vip_v1_0_4.s00_nodes_imp_1DOVVKU
		errors: 0, warnings: 0
	module versal_cips_ps_vip_v1_0_4.bd_ccfd
		errors: 0, warnings: 0
	module versal_cips_ps_vip_v1_0_4.clk_map_imp_DTAW0E
		errors: 0, warnings: 0
	module versal_cips_ps_vip_v1_0_4.m00_exit_pipeline_imp_1JVQC0L
		errors: 0, warnings: 0
	module versal_cips_ps_vip_v1_0_4.s00_entry_pipeline_imp_KM9RO6
		errors: 0, warnings: 0
	module versal_cips_ps_vip_v1_0_4.s00_nodes_imp_QMK5L8
		errors: 0, warnings: 0
	module versal_cips_ps_vip_v1_0_4.bd_cd1d
		errors: 0, warnings: 0
	module versal_cips_ps_vip_v1_0_4.clk_map_imp_1HOOL20
		errors: 0, warnings: 0
	module versal_cips_ps_vip_v1_0_4.m00_exit_pipeline_imp_G1M5OJ
		errors: 0, warnings: 0
	module versal_cips_ps_vip_v1_0_4.s00_entry_pipeline_imp_1FVO18G
		errors: 0, warnings: 0
	module versal_cips_ps_vip_v1_0_4.s00_nodes_imp_1CMN42I
		errors: 0, warnings: 0
	module versal_cips_ps_vip_v1_0_4.bd_cded
		errors: 0, warnings: 0
	module versal_cips_ps_vip_v1_0_4.clk_map_imp_8SBQ2W
		errors: 0, warnings: 0
	module versal_cips_ps_vip_v1_0_4.m00_exit_pipeline_imp_1S3K64Z
		errors: 0, warnings: 0
	module versal_cips_ps_vip_v1_0_4.s00_entry_pipeline_imp_RSNTW0
		errors: 0, warnings: 0
	module versal_cips_ps_vip_v1_0_4.s00_nodes_imp_VIIT56
		errors: 0, warnings: 0
	module versal_cips_ps_vip_v1_0_4.bd_0cac_one_0
		errors: 0, warnings: 0
	module versal_cips_ps_vip_v1_0_4.bd_0d4c_one_0
		errors: 0, warnings: 0
	module versal_cips_ps_vip_v1_0_4.bd_0dbc_one_0
		errors: 0, warnings: 0
	module versal_cips_ps_vip_v1_0_4.bd_cc0d_one_0
		errors: 0, warnings: 0
	module versal_cips_ps_vip_v1_0_4.bd_ccfd_one_0
		errors: 0, warnings: 0
	module versal_cips_ps_vip_v1_0_4.bd_cd1d_one_0
		errors: 0, warnings: 0
	module versal_cips_ps_vip_v1_0_4.bd_cded_one_0
		errors: 0, warnings: 0
	module versal_cips_ps_vip_v1_0_4.design_2_smartconnect_1_0
		errors: 0, warnings: 0
	module versal_cips_ps_vip_v1_0_4.design_2_smartconnect_2_0
		errors: 0, warnings: 0
	module versal_cips_ps_vip_v1_0_4.design_2_smartconnect_3_0
		errors: 0, warnings: 0
	module versal_cips_ps_vip_v1_0_4.design_2_smartconnect_4_0
		errors: 0, warnings: 0
	module versal_cips_ps_vip_v1_0_4.design_2_smartconnect_5_0
		errors: 0, warnings: 0
	module versal_cips_ps_vip_v1_0_4.design_2_smartconnect_6_0
		errors: 0, warnings: 0
	module versal_cips_ps_vip_v1_0_4.design_2_smartconnect_7_0
		errors: 0, warnings: 0
	module versal_cips_ps_vip_v1_0_4.design_2
		errors: 0, warnings: 0
	module versal_cips_ps_vip_v1_0_4.versal_cips_ps_vip_v1_0_4_reg_map
		errors: 0, warnings: 0
	module versal_cips_ps_vip_v1_0_4.versal_cips_ps_vip_v1_0_4_ocm_mem
		errors: 0, warnings: 0
	module versal_cips_ps_vip_v1_0_4.versal_cips_ps_vip_v1_0_4_regc
		errors: 0, warnings: 0
	module versal_cips_ps_vip_v1_0_4.versal_cips_ps_vip_v1_0_4_ocmc
		errors: 0, warnings: 0
	module versal_cips_ps_vip_v1_0_4.versal_cips_ps_vip_v1_0_4_gen_reset
		errors: 0, warnings: 0
	module versal_cips_ps_vip_v1_0_4.versal_cips_ps_vip_v1_0_4_gen_clock
		errors: 0, warnings: 0
	module versal_cips_ps_vip_v1_0_4.versal_cips_ps_vip_v1_0_4_axi_slave
		errors: 0, warnings: 0
	module versal_cips_ps_vip_v1_0_4.versal_cips_ps_vip_v1_0_4_axi_master
		errors: 0, warnings: 0
	module versal_cips_ps_vip_v1_0_4.versal_cips_ps_vip_cci_address_decode
		errors: 0, warnings: 0
	module versal_cips_ps_vip_v1_0_4.mux_design
		errors: 0, warnings: 0
	module versal_cips_ps_vip_v1_0_4.versal_cips_ps_vip_v1_0_4
		errors: 0, warnings: 0
