Copyright 1986-2022 Xilinx, Inc. All Rights Reserved. Copyright 2022-2024 Advanced Micro Devices, Inc. All Rights Reserved.
---------------------------------------------------------------------------------------------------------------------------------------------
| Tool Version : Vivado v.2023.2.2 (win64) Build 4126759 Thu Feb  8 23:53:51 MST 2024
| Date         : Thu Apr 18 13:55:48 2024
| Host         : IFAT running 64-bit major release  (build 9200)
| Command      : report_clock_utilization -file top_clock_utilization_routed.rpt
| Design       : top
| Device       : 7a200t-fbg484
| Speed File   : -1  PRODUCTION 1.23 2018-06-13
| Design State : Routed
---------------------------------------------------------------------------------------------------------------------------------------------

Clock Utilization Report

Table of Contents
-----------------
1. Clock Primitive Utilization
2. Global Clock Resources
3. Global Clock Source Details
4. Local Clock Details
5. Clock Regions: Key Resource Utilization
6. Clock Regions : Global Clock Summary
7. Device Cell Placement Summary for Global Clock g0
8. Device Cell Placement Summary for Global Clock g1
9. Device Cell Placement Summary for Global Clock g2
10. Device Cell Placement Summary for Global Clock g3
11. Clock Region Cell Placement per Global Clock: Region X1Y0
12. Clock Region Cell Placement per Global Clock: Region X0Y2

1. Clock Primitive Utilization
------------------------------

+----------+------+-----------+-----+--------------+--------+
| Type     | Used | Available | LOC | Clock Region | Pblock |
+----------+------+-----------+-----+--------------+--------+
| BUFGCTRL |    4 |        32 |   0 |            0 |      0 |
| BUFH     |    0 |       120 |   0 |            0 |      0 |
| BUFIO    |    0 |        40 |   0 |            0 |      0 |
| BUFMR    |    0 |        20 |   0 |            0 |      0 |
| BUFR     |    0 |        40 |   0 |            0 |      0 |
| MMCM     |    2 |        10 |   0 |            0 |      0 |
| PLL      |    0 |        10 |   0 |            0 |      0 |
+----------+------+-----------+-----+--------------+--------+


2. Global Clock Resources
-------------------------

+-----------+-----------+-----------------+------------+---------------+--------------+-------------------+-------------+-----------------+--------------+------------------+-----------------------------------+-------------------------------------+
| Global Id | Source Id | Driver Type/Pin | Constraint | Site          | Clock Region | Load Clock Region | Clock Loads | Non-Clock Loads | Clock Period | Clock            | Driver Pin                        | Net                                 |
+-----------+-----------+-----------------+------------+---------------+--------------+-------------------+-------------+-----------------+--------------+------------------+-----------------------------------+-------------------------------------+
| g0        | src0      | BUFG/O          | None       | BUFGCTRL_X0Y0 | n/a          |                 2 |        1637 |               0 |        9.920 | mmcm0_clk0       | OK_IFAT6/inst/okHI/mmcm0_bufg/O   | OK_IFAT6/inst/okHI/okClk            |
| g1        | src1      | BUFG/O          | None       | BUFGCTRL_X0Y1 | n/a          |                 1 |          63 |               7 |       20.000 | clk_out1_clk_50M | CLK_DAC/inst/clkout1_buf/O        | CLK_DAC/inst/clk_out1               |
| g2        | src2      | BUFG/O          | None       | BUFGCTRL_X0Y2 | n/a          |                 1 |           1 |               0 |       10.000 | clkfbout_clk_50M | CLK_DAC/inst/clkf_buf/O           | CLK_DAC/inst/clkfbout_buf_clk_50M   |
| g3        | src3      | BUFG/O          | None       | BUFGCTRL_X0Y3 | n/a          |                 1 |           1 |               0 |        9.920 | mmcm0_clkfb      | OK_IFAT6/inst/okHI/mmcm0fb_bufg/O | OK_IFAT6/inst/okHI/mmcm0_clkfb_bufg |
+-----------+-----------+-----------------+------------+---------------+--------------+-------------------+-------------+-----------------+--------------+------------------+-----------------------------------+-------------------------------------+
* Clock Loads column represents cell count of net connects that connect to a clock pin. Internal cell leaf pins are not considered
** Non-Clock Loads column represents cell count of non-clock pin loads


3. Global Clock Source Details
------------------------------

+-----------+-----------+---------------------+------------+-----------------+--------------+-------------+-----------------+---------------------+------------------+-------------------------------------+--------------------------------+
| Source Id | Global Id | Driver Type/Pin     | Constraint | Site            | Clock Region | Clock Loads | Non-Clock Loads | Source Clock Period | Source Clock     | Driver Pin                          | Net                            |
+-----------+-----------+---------------------+------------+-----------------+--------------+-------------+-----------------+---------------------+------------------+-------------------------------------+--------------------------------+
| src0      | g0        | MMCME2_ADV/CLKOUT0  | None       | MMCME2_ADV_X0Y2 | X0Y2         |           1 |               0 |               9.920 | mmcm0_clk0       | OK_IFAT6/inst/okHI/mmcm0/CLKOUT0    | OK_IFAT6/inst/okHI/mmcm0_clk0  |
| src1      | g1        | MMCME2_ADV/CLKOUT0  | None       | MMCME2_ADV_X1Y0 | X1Y0         |           1 |               0 |              20.000 | clk_out1_clk_50M | CLK_DAC/inst/mmcm_adv_inst/CLKOUT0  | CLK_DAC/inst/clk_out1_clk_50M  |
| src2      | g2        | MMCME2_ADV/CLKFBOUT | None       | MMCME2_ADV_X1Y0 | X1Y0         |           1 |               0 |              10.000 | clkfbout_clk_50M | CLK_DAC/inst/mmcm_adv_inst/CLKFBOUT | CLK_DAC/inst/clkfbout_clk_50M  |
| src3      | g3        | MMCME2_ADV/CLKFBOUT | None       | MMCME2_ADV_X0Y2 | X0Y2         |           1 |               0 |               9.920 | mmcm0_clkfb      | OK_IFAT6/inst/okHI/mmcm0/CLKFBOUT   | OK_IFAT6/inst/okHI/mmcm0_clkfb |
+-----------+-----------+---------------------+------------+-----------------+--------------+-------------+-----------------+---------------------+------------------+-------------------------------------+--------------------------------+
* Clock Loads column represents cell count of net connects that connect to a clock pin. Internal cell leaf pins are not considered
** Non-Clock Loads column represents cell count of non-clock pin loads


4. Local Clock Details
----------------------

+----------+-----------------+------------+-------------------+--------------+-------------+-----------------+--------------+-------+---------------------------------------------------------------------------------+------------------------------------------------------------------------+
| Local Id | Driver Type/Pin | Constraint | Site/BEL          | Clock Region | Clock Loads | Non-Clock Loads | Clock Period | Clock | Driver Pin                                                                      | Net                                                                    |
+----------+-----------------+------------+-------------------+--------------+-------------+-----------------+--------------+-------+---------------------------------------------------------------------------------+------------------------------------------------------------------------+
| 0        | FDPE/Q          | None       | SLICE_X21Y128/AFF | X0Y2         |           1 |               4 |              |       | OK_IFAT6/inst/okHI/core0/core0/a0/d0/lc4da648cb12eeeb24e4d199c1195ed93_reg[4]/Q | OK_IFAT6/inst/okHI/core0/core0/a0/d0/l380f95c05ffaf9f64e84defb5d30e949 |
+----------+-----------------+------------+-------------------+--------------+-------------+-----------------+--------------+-------+---------------------------------------------------------------------------------+------------------------------------------------------------------------+
* Local Clocks in this context represents only clocks driven by non-global buffers
** Clock Loads column represents cell count of net connects that connect to a clock pin. Internal cell leaf pins are not considered
*** Non-Clock Loads column represents cell count of non-clock pin loads


5. Clock Regions: Key Resource Utilization
------------------------------------------

+-------------------+--------------+--------------+--------------+--------------+--------------+--------------+--------------+--------------+--------------+--------------+--------------+--------------+--------------+--------------+--------------+
|                   | Global Clock |     BUFRs    |    BUFMRs    |    BUFIOs    |     MMCM     |      PLL     |      GT      |      PCI     |    ILOGIC    |    OLOGIC    |      FF      |     LUTM     |    RAMB18    |    RAMB36    |    DSP48E2   |
+-------------------+------+-------+------+-------+------+-------+------+-------+------+-------+------+-------+------+-------+------+-------+------+-------+------+-------+------+-------+------+-------+------+-------+------+-------+------+-------+
| Clock Region Name | Used | Avail | Used | Avail | Used | Avail | Used | Avail | Used | Avail | Used | Avail | Used | Avail | Used | Avail | Used | Avail | Used | Avail | Used | Avail | Used | Avail | Used | Avail | Used | Avail | Used | Avail |
+-------------------+------+-------+------+-------+------+-------+------+-------+------+-------+------+-------+------+-------+------+-------+------+-------+------+-------+------+-------+------+-------+------+-------+------+-------+------+-------+
| X0Y0              |    0 |    12 |    0 |     4 |    0 |     2 |    0 |     4 |    0 |     1 |    0 |     1 |    0 |     4 |    0 |     0 |    0 |    50 |    0 |    50 |    0 |  2700 |    0 |   800 |    0 |    60 |    0 |    30 |    0 |    60 |
| X1Y0              |    2 |    12 |    0 |     4 |    0 |     2 |    0 |     4 |    1 |     1 |    0 |     1 |    0 |     4 |    0 |     0 |    0 |    50 |    0 |    50 |    0 |  2500 |    0 |   800 |    0 |    40 |    0 |    20 |    0 |    40 |
| X0Y1              |    0 |    12 |    0 |     4 |    0 |     2 |    0 |     4 |    0 |     1 |    0 |     1 |    0 |     0 |    0 |     0 |    0 |    50 |    0 |    50 |    0 |  4200 |    0 |  1400 |    0 |   100 |    0 |    50 |    0 |   100 |
| X1Y1              |    0 |    12 |    0 |     4 |    0 |     2 |    0 |     4 |    0 |     1 |    0 |     1 |    0 |     0 |    0 |     0 |    0 |    50 |    0 |    50 |    0 |  4000 |    0 |  1400 |    0 |    80 |    0 |    40 |    0 |    80 |
| X0Y2              |    3 |    12 |    0 |     4 |    0 |     2 |    0 |     4 |    1 |     1 |    0 |     1 |    0 |     0 |    0 |     0 |   36 |    50 |   66 |    50 | 1684 |  3600 |  641 |  1400 |    1 |   100 |    1 |    50 |    0 |   100 |
| X1Y2              |    0 |    12 |    0 |     4 |    0 |     2 |    0 |     4 |    0 |     1 |    0 |     1 |    0 |     0 |    0 |     0 |    0 |    50 |    0 |    50 |    0 |  4000 |    0 |  1400 |    0 |    80 |    0 |    40 |    0 |    80 |
| X0Y3              |    0 |    12 |    0 |     4 |    0 |     2 |    0 |     4 |    0 |     1 |    0 |     1 |    0 |     0 |    0 |     0 |    0 |    50 |    0 |    50 |    0 |  3600 |    0 |  1400 |    0 |   100 |    0 |    50 |    0 |   100 |
| X1Y3              |    0 |    12 |    0 |     4 |    0 |     2 |    0 |     4 |    0 |     1 |    0 |     1 |    0 |     0 |    0 |     0 |    0 |    50 |    0 |    50 |    0 |  4000 |    0 |  1400 |    0 |    80 |    0 |    40 |    0 |    80 |
| X0Y4              |    0 |    12 |    0 |     4 |    0 |     2 |    0 |     4 |    0 |     1 |    0 |     1 |    0 |     4 |    0 |     1 |    0 |    50 |    0 |    50 |    0 |  2550 |    0 |   750 |    0 |    50 |    0 |    25 |    0 |    60 |
| X1Y4              |    0 |    12 |    0 |     4 |    0 |     2 |    0 |     4 |    0 |     1 |    0 |     1 |    0 |     4 |    0 |     0 |    0 |    50 |    0 |    50 |    0 |  2500 |    0 |   800 |    0 |    40 |    0 |    20 |    0 |    40 |
+-------------------+------+-------+------+-------+------+-------+------+-------+------+-------+------+-------+------+-------+------+-------+------+-------+------+-------+------+-------+------+-------+------+-------+------+-------+------+-------+
* Global Clock column represents track count; while other columns represents cell counts


6. Clock Regions : Global Clock Summary
---------------------------------------

All Modules
+----+----+----+
|    | X0 | X1 |
+----+----+----+
| Y4 |  0 |  0 |
| Y3 |  0 |  0 |
| Y2 |  0 |  0 |
| Y1 |  0 |  0 |
| Y0 |  0 |  0 |
+----+----+----+


7. Device Cell Placement Summary for Global Clock g0
----------------------------------------------------

+-----------+-----------------+-------------------+------------+-------------+---------------+-------------+----------+----------------+----------+--------------------------+
| Global Id | Driver Type/Pin | Driver Region (D) | Clock      | Period (ns) | Waveform (ns) | Slice Loads | IO Loads | Clocking Loads | GT Loads | Net                      |
+-----------+-----------------+-------------------+------------+-------------+---------------+-------------+----------+----------------+----------+--------------------------+
| g0        | BUFG/O          | n/a               | mmcm0_clk0 |       9.920 | {1.488 6.448} |        1624 |        0 |              1 |        0 | OK_IFAT6/inst/okHI/okClk |
+-----------+-----------------+-------------------+------------+-------------+---------------+-------------+----------+----------------+----------+--------------------------+
* Slice Loads column represents load cell count of all cell types other than IO, GT and clock resources
** IO Loads column represents load cell count of IO types
*** Clocking Loads column represents load cell count that are clock resources (global clock buffer, MMCM, PLL, etc)
**** GT Loads column represents load cell count of GT types


+----+-------+----+-----------------------+
|    | X0    | X1 | HORIZONTAL PROG DELAY |
+----+-------+----+-----------------------+
| Y4 |     0 |  0 |                     - |
| Y3 |     0 |  0 |                     - |
| Y2 |  1624 |  0 |                     0 |
| Y1 |     0 |  0 |                     - |
| Y0 |     0 |  1 |                     0 |
+----+-------+----+-----------------------+


8. Device Cell Placement Summary for Global Clock g1
----------------------------------------------------

+-----------+-----------------+-------------------+------------------+-------------+----------------+-------------+----------+----------------+----------+-----------------------+
| Global Id | Driver Type/Pin | Driver Region (D) | Clock            | Period (ns) | Waveform (ns)  | Slice Loads | IO Loads | Clocking Loads | GT Loads | Net                   |
+-----------+-----------------+-------------------+------------------+-------------+----------------+-------------+----------+----------------+----------+-----------------------+
| g1        | BUFG/O          | n/a               | clk_out1_clk_50M |      20.000 | {0.000 10.000} |          70 |        0 |              0 |        0 | CLK_DAC/inst/clk_out1 |
+-----------+-----------------+-------------------+------------------+-------------+----------------+-------------+----------+----------------+----------+-----------------------+
* Slice Loads column represents load cell count of all cell types other than IO, GT and clock resources
** IO Loads column represents load cell count of IO types
*** Clocking Loads column represents load cell count that are clock resources (global clock buffer, MMCM, PLL, etc)
**** GT Loads column represents load cell count of GT types


+----+-----+----+-----------------------+
|    | X0  | X1 | HORIZONTAL PROG DELAY |
+----+-----+----+-----------------------+
| Y4 |   0 |  0 |                     - |
| Y3 |   0 |  0 |                     - |
| Y2 |  70 |  0 |                     0 |
| Y1 |   0 |  0 |                     - |
| Y0 |   0 |  0 |                     - |
+----+-----+----+-----------------------+


9. Device Cell Placement Summary for Global Clock g2
----------------------------------------------------

+-----------+-----------------+-------------------+------------------+-------------+---------------+-------------+----------+----------------+----------+-----------------------------------+
| Global Id | Driver Type/Pin | Driver Region (D) | Clock            | Period (ns) | Waveform (ns) | Slice Loads | IO Loads | Clocking Loads | GT Loads | Net                               |
+-----------+-----------------+-------------------+------------------+-------------+---------------+-------------+----------+----------------+----------+-----------------------------------+
| g2        | BUFG/O          | n/a               | clkfbout_clk_50M |      10.000 | {0.000 5.000} |           0 |        0 |              1 |        0 | CLK_DAC/inst/clkfbout_buf_clk_50M |
+-----------+-----------------+-------------------+------------------+-------------+---------------+-------------+----------+----------------+----------+-----------------------------------+
* Slice Loads column represents load cell count of all cell types other than IO, GT and clock resources
** IO Loads column represents load cell count of IO types
*** Clocking Loads column represents load cell count that are clock resources (global clock buffer, MMCM, PLL, etc)
**** GT Loads column represents load cell count of GT types


+----+----+----+-----------------------+
|    | X0 | X1 | HORIZONTAL PROG DELAY |
+----+----+----+-----------------------+
| Y4 |  0 |  0 |                     - |
| Y3 |  0 |  0 |                     - |
| Y2 |  0 |  0 |                     - |
| Y1 |  0 |  0 |                     - |
| Y0 |  0 |  1 |                     0 |
+----+----+----+-----------------------+


10. Device Cell Placement Summary for Global Clock g3
-----------------------------------------------------

+-----------+-----------------+-------------------+-------------+-------------+---------------+-------------+----------+----------------+----------+-------------------------------------+
| Global Id | Driver Type/Pin | Driver Region (D) | Clock       | Period (ns) | Waveform (ns) | Slice Loads | IO Loads | Clocking Loads | GT Loads | Net                                 |
+-----------+-----------------+-------------------+-------------+-------------+---------------+-------------+----------+----------------+----------+-------------------------------------+
| g3        | BUFG/O          | n/a               | mmcm0_clkfb |       9.920 | {0.000 4.960} |           0 |        0 |              1 |        0 | OK_IFAT6/inst/okHI/mmcm0_clkfb_bufg |
+-----------+-----------------+-------------------+-------------+-------------+---------------+-------------+----------+----------------+----------+-------------------------------------+
* Slice Loads column represents load cell count of all cell types other than IO, GT and clock resources
** IO Loads column represents load cell count of IO types
*** Clocking Loads column represents load cell count that are clock resources (global clock buffer, MMCM, PLL, etc)
**** GT Loads column represents load cell count of GT types


+----+----+----+-----------------------+
|    | X0 | X1 | HORIZONTAL PROG DELAY |
+----+----+----+-----------------------+
| Y4 |  0 |  0 |                     - |
| Y3 |  0 |  0 |                     - |
| Y2 |  1 |  0 |                     0 |
| Y1 |  0 |  0 |                     - |
| Y0 |  0 |  0 |                     - |
+----+----+----+-----------------------+


11. Clock Region Cell Placement per Global Clock: Region X1Y0
-------------------------------------------------------------

+-----------+-------+-----------------+------------+-------------+-----------------+----+-------------+------+-----+----+------+-----+---------+-----------------------------------+
| Global Id | Track | Driver Type/Pin | Constraint | Clock Loads | Non-Clock Loads | FF | Memory LUTs | RAMB | DSP | GT | MMCM | PLL | Hard IP | Net                               |
+-----------+-------+-----------------+------------+-------------+-----------------+----+-------------+------+-----+----+------+-----+---------+-----------------------------------+
| g0        | n/a   | BUFG/O          | None       |           1 |               0 |  0 |           0 |    0 |   0 |  0 |    1 |   0 |       0 | OK_IFAT6/inst/okHI/okClk          |
| g2        | n/a   | BUFG/O          | None       |           1 |               0 |  0 |           0 |    0 |   0 |  0 |    1 |   0 |       0 | CLK_DAC/inst/clkfbout_buf_clk_50M |
+-----------+-------+-----------------+------------+-------------+-----------------+----+-------------+------+-----+----+------+-----+---------+-----------------------------------+
* Clock Loads column represents cell count of net connects that connect to a clock pin. Internal cell leaf pins are not considered
** Non-Clock Loads column represents cell count of non-clock pin loads
*** Columns FF, LUTRAM, RAMB through 'Hard IP' represents load cell counts


12. Clock Region Cell Placement per Global Clock: Region X0Y2
-------------------------------------------------------------

+-----------+-------+-----------------+------------+-------------+-----------------+------+-------------+------+-----+----+------+-----+---------+-------------------------------------+
| Global Id | Track | Driver Type/Pin | Constraint | Clock Loads | Non-Clock Loads | FF   | Memory LUTs | RAMB | DSP | GT | MMCM | PLL | Hard IP | Net                                 |
+-----------+-------+-----------------+------------+-------------+-----------------+------+-------------+------+-----+----+------+-----+---------+-------------------------------------+
| g0        | n/a   | BUFG/O          | None       |        1624 |               0 | 1621 |           0 |    2 |   0 |  0 |    0 |   0 |       0 | OK_IFAT6/inst/okHI/okClk            |
| g1        | n/a   | BUFG/O          | None       |          63 |               7 |   63 |           0 |    0 |   0 |  0 |    0 |   0 |       0 | CLK_DAC/inst/clk_out1               |
| g3        | n/a   | BUFG/O          | None       |           1 |               0 |    0 |           0 |    0 |   0 |  0 |    1 |   0 |       0 | OK_IFAT6/inst/okHI/mmcm0_clkfb_bufg |
+-----------+-------+-----------------+------------+-------------+-----------------+------+-------------+------+-----+----+------+-----+---------+-------------------------------------+
* Clock Loads column represents cell count of net connects that connect to a clock pin. Internal cell leaf pins are not considered
** Non-Clock Loads column represents cell count of non-clock pin loads
*** Columns FF, LUTRAM, RAMB through 'Hard IP' represents load cell counts



# Location of BUFG Primitives 
set_property LOC BUFGCTRL_X0Y0 [get_cells OK_IFAT6/inst/okHI/mmcm0_bufg]
set_property LOC BUFGCTRL_X0Y3 [get_cells OK_IFAT6/inst/okHI/mmcm0fb_bufg]
set_property LOC BUFGCTRL_X0Y2 [get_cells CLK_DAC/inst/clkf_buf]
set_property LOC BUFGCTRL_X0Y1 [get_cells CLK_DAC/inst/clkout1_buf]

# Location of IO Primitives which is load of clock spine

# Location of clock ports
set_property LOC IOB_X0Y126 [get_ports okUH[0]]

# Clock net "OK_IFAT6/inst/okHI/okClk" driven by instance "OK_IFAT6/inst/okHI/mmcm0_bufg" located at site "BUFGCTRL_X0Y0"
#startgroup
create_pblock {CLKAG_OK_IFAT6/inst/okHI/okClk}
add_cells_to_pblock [get_pblocks  {CLKAG_OK_IFAT6/inst/okHI/okClk}] [get_cells -filter { PRIMITIVE_GROUP != I/O && IS_PRIMITIVE==1 && PRIMITIVE_LEVEL !=INTERNAL && NAME!=CLK_DAC/inst/mmcm_adv_inst} -of_object [get_pins -filter {DIRECTION==IN} -of_objects [get_nets -hierarchical -filter {PARENT=="OK_IFAT6/inst/okHI/okClk"}]]]
resize_pblock [get_pblocks {CLKAG_OK_IFAT6/inst/okHI/okClk}] -add {CLOCKREGION_X0Y2:CLOCKREGION_X0Y2}
#endgroup

# Clock net "CLK_DAC/inst/clk_out1" driven by instance "CLK_DAC/inst/clkout1_buf" located at site "BUFGCTRL_X0Y1"
#startgroup
create_pblock {CLKAG_CLK_DAC/inst/clk_out1}
add_cells_to_pblock [get_pblocks  {CLKAG_CLK_DAC/inst/clk_out1}] [get_cells -filter { PRIMITIVE_GROUP != I/O && IS_PRIMITIVE==1 && PRIMITIVE_LEVEL !=INTERNAL } -of_object [get_pins -filter {DIRECTION==IN} -of_objects [get_nets -hierarchical -filter {PARENT=="CLK_DAC/inst/clk_out1"}]]]
resize_pblock [get_pblocks {CLKAG_CLK_DAC/inst/clk_out1}] -add {CLOCKREGION_X0Y2:CLOCKREGION_X0Y2}
#endgroup
