xmvlog(64): 21.03-s002: (c) Copyright 1995-2021 Cadence Design Systems, Inc.
file: /tools/Xilinx/Vivado/2022.1/data/ip/xilinx/v_uhdsdi_vidgen_v1_0/hdl/v_uhdsdi_vidgen_v1_0_multigenHD.v
	module v_uhdsdi_vidgen_v1_0_1.v_uhdsdi_vidgen_v1_0_1_multigenHD
		errors: 0, warnings: 0
file: /tools/Xilinx/Vivado/2022.1/data/ip/xilinx/v_uhdsdi_vidgen_v1_0/hdl/v_uhdsdi_vidgen_v1_0_multigenHD_horz.v
	module v_uhdsdi_vidgen_v1_0_1.v_uhdsdi_vidgen_v1_0_1_multigenHD_horz
		errors: 0, warnings: 0
file: /tools/Xilinx/Vivado/2022.1/data/ip/xilinx/v_uhdsdi_vidgen_v1_0/hdl/v_uhdsdi_vidgen_v1_0_multigenHD_output.v
	module v_uhdsdi_vidgen_v1_0_1.v_uhdsdi_vidgen_v1_0_1_multigenHD_output
		errors: 0, warnings: 0
file: /tools/Xilinx/Vivado/2022.1/data/ip/xilinx/v_uhdsdi_vidgen_v1_0/hdl/v_uhdsdi_vidgen_v1_0_multigenHD_vert.v
	module v_uhdsdi_vidgen_v1_0_1.v_uhdsdi_vidgen_v1_0_1_multigenHD_vert
		errors: 0, warnings: 0
file: /tools/Xilinx/Vivado/2022.1/data/ip/xilinx/v_uhdsdi_vidgen_v1_0/hdl/v_uhdsdi_vidgen_v1_0_vidgen_ntsc.v
	module v_uhdsdi_vidgen_v1_0_1.v_uhdsdi_vidgen_v1_0_1_vidgen_ntsc
		errors: 0, warnings: 0
file: /tools/Xilinx/Vivado/2022.1/data/ip/xilinx/v_uhdsdi_vidgen_v1_0/hdl/v_uhdsdi_vidgen_v1_0_vidgen_pal.v
	module v_uhdsdi_vidgen_v1_0_1.v_uhdsdi_vidgen_v1_0_1_vidgen_pal
		errors: 0, warnings: 0
file: /tools/Xilinx/Vivado/2022.1/data/ip/xilinx/v_uhdsdi_vidgen_v1_0/hdl/v_uhdsdi_vidgen_v1_0.v
	module v_uhdsdi_vidgen_v1_0_1.v_uhdsdi_vidgen_v1_0_1
		errors: 0, warnings: 0
