#-----------------------------------------------------------
# Vivado v2023.2.2 (64-bit)
# SW Build 4126759 on Thu Feb  8 23:53:51 MST 2024
# IP Build 4126054 on Fri Feb  9 11:39:09 MST 2024
# SharedData Build 4115275 on Tue Jan 30 00:40:57 MST 2024
# Start of session at: Tue Apr 16 08:26:14 2024
# Process ID: 28152
# Current directory: C:/Users/jains/OneDrive - UC San Diego/research/IFAT6/IFAT6_PCB/Verilog/IFAT6_PCB/IFAT6_PCB.cache/ip/2023.2.2/4/e/4e4f7fd0c21e0431
# Command line: vivado.exe -gui_launcher_event rodinguilauncherevent8044 C:\Users\jains\OneDrive - UC San Diego\research\IFAT6\IFAT6_PCB\Verilog\IFAT6_PCB\IFAT6_PCB.cache\ip\2023.2.2\4\e\4e4f7fd0c21e0431\FrontPanel_IFAT6.dcp
# Log file: C:/Users/jains/OneDrive - UC San Diego/research/IFAT6/IFAT6_PCB/Verilog/IFAT6_PCB/IFAT6_PCB.cache/ip/2023.2.2/4/e/4e4f7fd0c21e0431/vivado.log
# Journal file: C:/Users/jains/OneDrive - UC San Diego/research/IFAT6/IFAT6_PCB/Verilog/IFAT6_PCB/IFAT6_PCB.cache/ip/2023.2.2/4/e/4e4f7fd0c21e0431\vivado.jou
# Running On: IFAT, OS: Windows, CPU Frequency: 3000 MHz, CPU Physical cores: 8, Host memory: 34159 MB
#-----------------------------------------------------------
start_gui
open_checkpoint {C:/Users/jains/OneDrive - UC San Diego/research/IFAT6/IFAT6_PCB/Verilog/IFAT6_PCB/IFAT6_PCB.cache/ip/2023.2.2/4/e/4e4f7fd0c21e0431/FrontPanel_IFAT6.dcp}
Command: open_checkpoint {C:/Users/jains/OneDrive - UC San Diego/research/IFAT6/IFAT6_PCB/Verilog/IFAT6_PCB/IFAT6_PCB.cache/ip/2023.2.2/4/e/4e4f7fd0c21e0431/FrontPanel_IFAT6.dcp}

Starting open_checkpoint Task

Time (s): cpu = 00:00:00 ; elapsed = 00:00:00.059 . Memory (MB): peak = 1235.156 ; gain = 0.000
WARNING: [Board 49-26] cannot add Board Part xilinx.com:vek280_es:part0:1.0 available at C:/Xilinx/Vivado/2023.2/data/xhub/boards/XilinxBoardStore/boards/Xilinx/vek280/es/rev_a/1.0/board.xml as part xcve2802-vsvh1760-2lp-e-s-es1 specified in board_part file is either invalid or not available
WARNING: [Board 49-26] cannot add Board Part xilinx.com:vek280_es:part0:1.1 available at C:/Xilinx/Vivado/2023.2/data/xhub/boards/XilinxBoardStore/boards/Xilinx/vek280/es/rev_a/1.1/board.xml as part xcve2802-vsvh1760-2lp-e-s-es1 specified in board_part file is either invalid or not available
WARNING: [Board 49-26] cannot add Board Part xilinx.com:vek280_es_revb:part0:1.0 available at C:/Xilinx/Vivado/2023.2/data/xhub/boards/XilinxBoardStore/boards/Xilinx/vek280/es/rev_b/1.0/board.xml as part xcve2802-vsvh1760-2mp-e-s-es1 specified in board_part file is either invalid or not available
WARNING: [Board 49-26] cannot add Board Part xilinx.com:vek280_es_revb:part0:1.1 available at C:/Xilinx/Vivado/2023.2/data/xhub/boards/XilinxBoardStore/boards/Xilinx/vek280/es/rev_b/1.1/board.xml as part xcve2802-vsvh1760-2mp-e-s-es1 specified in board_part file is either invalid or not available
WARNING: [Board 49-26] cannot add Board Part xilinx.com:vhk158_es:part0:1.0 available at C:/Xilinx/Vivado/2023.2/data/xhub/boards/XilinxBoardStore/boards/Xilinx/vhk158/es/1.0/board.xml as part xcvh1582-vsva3697-2mp-e-s-es1 specified in board_part file is either invalid or not available
WARNING: [Board 49-26] cannot add Board Part xilinx.com:vhk158_es:part0:1.1 available at C:/Xilinx/Vivado/2023.2/data/xhub/boards/XilinxBoardStore/boards/Xilinx/vhk158/es/1.1/board.xml as part xcvh1582-vsva3697-2mp-e-s-es1 specified in board_part file is either invalid or not available
WARNING: [Board 49-26] cannot add Board Part xilinx.com:zcu208ld:part0:2.0 available at C:/Xilinx/Vivado/2023.2/data/xhub/boards/XilinxBoardStore/boards/Xilinx/zcu208ld/production/2.0/board.xml as part xczu58dr-fsvg1517-2-i specified in board_part file is either invalid or not available
WARNING: [Board 49-26] cannot add Board Part xilinx.com:zcu216ld:part0:2.0 available at C:/Xilinx/Vivado/2023.2/data/xhub/boards/XilinxBoardStore/boards/Xilinx/zcu216ld/production/2.0/board.xml as part xczu59dr-ffvf1760-2-i specified in board_part file is either invalid or not available
WARNING: [Board 49-26] cannot add Board Part xilinx.com:zcu670:part0:2.0 available at C:/Xilinx/Vivado/2023.2/data/xhub/boards/XilinxBoardStore/boards/Xilinx/zcu670/2.0/board.xml as part xczu67dr-fsve1156-2-i specified in board_part file is either invalid or not available
WARNING: [Board 49-26] cannot add Board Part xilinx.com:zcu670ld:part0:1.0 available at C:/Xilinx/Vivado/2023.2/data/xhub/boards/XilinxBoardStore/boards/Xilinx/zcu670ld/1.0/board.xml as part xczu57dr-fsve1156-2-i specified in board_part file is either invalid or not available
INFO: [IP_Flow 19-234] Refreshing IP repositories
INFO: [IP_Flow 19-1704] No user IP repositories specified
INFO: [IP_Flow 19-2313] Loaded Vivado IP repository 'C:/Xilinx/Vivado/2023.2/data/ip'.
INFO: [Device 21-403] Loading part xc7a200tfbg484-1
Netlist sorting complete. Time (s): cpu = 00:00:00 ; elapsed = 00:00:00.019 . Memory (MB): peak = 1966.980 ; gain = 0.000
INFO: [Netlist 29-17] Analyzing 145 Unisim elements for replacement
INFO: [Netlist 29-28] Unisim Transformation completed in 0 CPU seconds
INFO: [Project 1-479] Netlist was created with Vivado 2023.2.2
INFO: [Project 1-570] Preparing netlist for logic optimization
Read ShapeDB Complete: Time (s): cpu = 00:00:00 ; elapsed = 00:00:00.013 . Memory (MB): peak = 2066.730 ; gain = 0.516
Netlist sorting complete. Time (s): cpu = 00:00:00 ; elapsed = 00:00:00.001 . Memory (MB): peak = 2068.629 ; gain = 0.000
INFO: [Project 1-111] Unisim Transformation Summary:
  A total of 95 instances were transformed.
  IOBUF => IOBUF (IBUF, OBUFT): 33 instances
  LUT6_2 => LUT6_2 (LUT5, LUT6): 50 instances
  RAM128X1S => RAM128X1S (MUXF7, RAMS64E(x2)): 8 instances
  RAM32M => RAM32M (RAMD32(x6), RAMS32(x2)): 4 instances

INFO: [Project 1-604] Checkpoint was created with Vivado v2023.2.2 (64-bit) build 4126759
open_checkpoint: Time (s): cpu = 00:00:38 ; elapsed = 00:00:20 . Memory (MB): peak = 2228.238 ; gain = 993.082
exit
INFO: [Common 17-206] Exiting Vivado at Tue Apr 16 08:28:15 2024...
