INFO: [VRFC 10-2263] Analyzing Verilog file "/Volumes/export/isn/soumil/Xilinx/ifat6/pcb_ok_xem7310/pcb_ok_xem7310.sim/sim_1/impl/timing/xsim/top_tb_time_impl.v" into library xil_defaultlib
INFO: [VRFC 10-311] analyzing module IOBUF_UNIQ_BASE_
INFO: [VRFC 10-311] analyzing module IOBUF_HD48
INFO: [VRFC 10-311] analyzing module IOBUF_HD49
INFO: [VRFC 10-311] analyzing module IOBUF_HD50
INFO: [VRFC 10-311] analyzing module IOBUF_HD51
INFO: [VRFC 10-311] analyzing module IOBUF_HD52
INFO: [VRFC 10-311] analyzing module IOBUF_HD53
INFO: [VRFC 10-311] analyzing module IOBUF_HD54
INFO: [VRFC 10-311] analyzing module IOBUF_HD55
INFO: [VRFC 10-311] analyzing module IOBUF_HD56
INFO: [VRFC 10-311] analyzing module IOBUF_HD57
INFO: [VRFC 10-311] analyzing module IOBUF_HD58
INFO: [VRFC 10-311] analyzing module IOBUF_HD59
INFO: [VRFC 10-311] analyzing module IOBUF_HD60
INFO: [VRFC 10-311] analyzing module IOBUF_HD61
INFO: [VRFC 10-311] analyzing module IOBUF_HD62
INFO: [VRFC 10-311] analyzing module IOBUF_HD63
INFO: [VRFC 10-311] analyzing module IOBUF_HD64
INFO: [VRFC 10-311] analyzing module IOBUF_HD65
INFO: [VRFC 10-311] analyzing module IOBUF_HD66
INFO: [VRFC 10-311] analyzing module IOBUF_HD67
INFO: [VRFC 10-311] analyzing module IOBUF_HD68
INFO: [VRFC 10-311] analyzing module IOBUF_HD69
INFO: [VRFC 10-311] analyzing module IOBUF_HD70
INFO: [VRFC 10-311] analyzing module IOBUF_HD71
INFO: [VRFC 10-311] analyzing module IOBUF_HD72
INFO: [VRFC 10-311] analyzing module IOBUF_HD73
INFO: [VRFC 10-311] analyzing module IOBUF_HD74
INFO: [VRFC 10-311] analyzing module IOBUF_HD75
INFO: [VRFC 10-311] analyzing module IOBUF_HD76
INFO: [VRFC 10-311] analyzing module IOBUF_HD77
INFO: [VRFC 10-311] analyzing module IOBUF_HD78
INFO: [VRFC 10-311] analyzing module IOBUF_HD79
INFO: [VRFC 10-311] analyzing module IOBUF_HD80
INFO: [VRFC 10-311] analyzing module IOBUF_HD81
INFO: [VRFC 10-311] analyzing module IOBUF_HD82
INFO: [VRFC 10-311] analyzing module IOBUF_HD83
INFO: [VRFC 10-311] analyzing module IOBUF_HD84
INFO: [VRFC 10-311] analyzing module IOBUF_HD85
INFO: [VRFC 10-311] analyzing module IOBUF_HD86
INFO: [VRFC 10-311] analyzing module IOBUF_HD87
INFO: [VRFC 10-311] analyzing module adc
INFO: [VRFC 10-311] analyzing module dac
INFO: [VRFC 10-311] analyzing module dac_0
INFO: [VRFC 10-311] analyzing module dac_1
INFO: [VRFC 10-311] analyzing module dac_2
INFO: [VRFC 10-311] analyzing module dac_3
INFO: [VRFC 10-311] analyzing module frontpanel_ifat6
INFO: [VRFC 10-311] analyzing module frontpanel_ifat6_okHost
INFO: [VRFC 10-311] analyzing module frontpanel_ifat6_okWireOR
INFO: [VRFC 10-311] analyzing module frontpanel_ifat6_wrapper_synthesis
INFO: [VRFC 10-311] analyzing module leds_ifat6
INFO: [VRFC 10-311] analyzing module leds_ifat6_led
INFO: [VRFC 10-311] analyzing module top
INFO: [VRFC 10-311] analyzing module LUT6_2_UNIQ_BASE_
INFO: [VRFC 10-311] analyzing module LUT6_2_HD1
INFO: [VRFC 10-311] analyzing module LUT6_2_HD10
INFO: [VRFC 10-311] analyzing module LUT6_2_HD11
INFO: [VRFC 10-311] analyzing module LUT6_2_HD12
INFO: [VRFC 10-311] analyzing module LUT6_2_HD13
INFO: [VRFC 10-311] analyzing module LUT6_2_HD14
INFO: [VRFC 10-311] analyzing module LUT6_2_HD16
INFO: [VRFC 10-311] analyzing module LUT6_2_HD18
INFO: [VRFC 10-311] analyzing module LUT6_2_HD19
INFO: [VRFC 10-311] analyzing module LUT6_2_HD2
INFO: [VRFC 10-311] analyzing module LUT6_2_HD20
INFO: [VRFC 10-311] analyzing module LUT6_2_HD21
INFO: [VRFC 10-311] analyzing module LUT6_2_HD23
INFO: [VRFC 10-311] analyzing module LUT6_2_HD25
INFO: [VRFC 10-311] analyzing module LUT6_2_HD26
INFO: [VRFC 10-311] analyzing module LUT6_2_HD27
INFO: [VRFC 10-311] analyzing module LUT6_2_HD28
INFO: [VRFC 10-311] analyzing module LUT6_2_HD3
INFO: [VRFC 10-311] analyzing module LUT6_2_HD30
INFO: [VRFC 10-311] analyzing module LUT6_2_HD32
INFO: [VRFC 10-311] analyzing module LUT6_2_HD33
INFO: [VRFC 10-311] analyzing module LUT6_2_HD34
INFO: [VRFC 10-311] analyzing module LUT6_2_HD35
INFO: [VRFC 10-311] analyzing module LUT6_2_HD37
INFO: [VRFC 10-311] analyzing module LUT6_2_HD38
INFO: [VRFC 10-311] analyzing module LUT6_2_HD39
INFO: [VRFC 10-311] analyzing module LUT6_2_HD4
INFO: [VRFC 10-311] analyzing module LUT6_2_HD40
INFO: [VRFC 10-311] analyzing module LUT6_2_HD41
INFO: [VRFC 10-311] analyzing module LUT6_2_HD42
INFO: [VRFC 10-311] analyzing module LUT6_2_HD45
INFO: [VRFC 10-311] analyzing module LUT6_2_HD47
INFO: [VRFC 10-311] analyzing module LUT6_2_HD5
INFO: [VRFC 10-311] analyzing module LUT6_2_HD6
INFO: [VRFC 10-311] analyzing module LUT6_2_HD7
INFO: [VRFC 10-311] analyzing module LUT6_2_HD8
INFO: [VRFC 10-311] analyzing module LUT6_2_HD9
INFO: [VRFC 10-311] analyzing module RAM128X1S_UNIQ_BASE_
INFO: [VRFC 10-311] analyzing module RAM128X1S_HD15
INFO: [VRFC 10-311] analyzing module RAM128X1S_HD17
INFO: [VRFC 10-311] analyzing module RAM128X1S_HD22
INFO: [VRFC 10-311] analyzing module RAM128X1S_HD24
INFO: [VRFC 10-311] analyzing module RAM128X1S_HD29
INFO: [VRFC 10-311] analyzing module RAM128X1S_HD31
INFO: [VRFC 10-311] analyzing module RAM128X1S_HD36
INFO: [VRFC 10-311] analyzing module RAM32M_UNIQ_BASE_
INFO: [VRFC 10-311] analyzing module RAM32M_HD43
INFO: [VRFC 10-311] analyzing module RAM32M_HD44
INFO: [VRFC 10-311] analyzing module RAM32M_HD46
INFO: [VRFC 10-311] analyzing module frontpanel_ifat6_fifo_generator_v13_2_5
INFO: [VRFC 10-311] analyzing module frontpanel_ifat6_okCore
INFO: [VRFC 10-311] analyzing module frontpanel_ifat6_okCoreHarness
INFO: [VRFC 10-311] analyzing module frontpanel_ifat6_okWireIn
INFO: [VRFC 10-311] analyzing module frontpanel_ifat6_okWireIn__1
INFO: [VRFC 10-311] analyzing module frontpanel_ifat6_okWireIn__11
INFO: [VRFC 10-311] analyzing module frontpanel_ifat6_okWireIn__2
INFO: [VRFC 10-311] analyzing module frontpanel_ifat6_okWireIn__3
INFO: [VRFC 10-311] analyzing module frontpanel_ifat6_okWireIn__4
INFO: [VRFC 10-311] analyzing module frontpanel_ifat6_okWireIn__5
INFO: [VRFC 10-311] analyzing module frontpanel_ifat6_okWireIn__6
INFO: [VRFC 10-311] analyzing module frontpanel_ifat6_okWireIn__7
INFO: [VRFC 10-311] analyzing module frontpanel_ifat6_okWireIn__8
INFO: [VRFC 10-311] analyzing module frontpanel_ifat6_okWireIn__9
INFO: [VRFC 10-311] analyzing module frontpanel_ifat6_okWireOut
INFO: [VRFC 10-311] analyzing module frontpanel_ifat6_okWireOut__1
INFO: [VRFC 10-311] analyzing module frontpanel_ifat6_okWireOut__2
INFO: [VRFC 10-311] analyzing module frontpanel_ifat6_ok_tfifo
INFO: [VRFC 10-311] analyzing module glbl
INFO: [VRFC 10-2263] Analyzing Verilog file "/Volumes/export/isn/soumil/Xilinx/ifat6/verilog_files/adc.v" into library xil_defaultlib
INFO: [VRFC 10-311] analyzing module adc
WARNING: [VRFC 10-3609] overwriting previous definition of module 'adc' [/Volumes/export/isn/soumil/Xilinx/ifat6/verilog_files/adc.v:21]
INFO: [VRFC 10-2263] Analyzing Verilog file "/Volumes/export/isn/soumil/Xilinx/ifat6/pcb_ok_xem7310/pcb_ok_xem7310.srcs/sources_1/new/dac.v" into library xil_defaultlib
INFO: [VRFC 10-311] analyzing module dac
WARNING: [VRFC 10-3609] overwriting previous definition of module 'dac' [/Volumes/export/isn/soumil/Xilinx/ifat6/pcb_ok_xem7310/pcb_ok_xem7310.srcs/sources_1/new/dac.v:22]
INFO: [VRFC 10-2263] Analyzing Verilog file "/Volumes/export/isn/soumil/Xilinx/ifat6/pcb_ok_xem7310/pcb_ok_xem7310.srcs/sim_1/new/top_tb.v" into library xil_defaultlib
INFO: [VRFC 10-311] analyzing module top_tb
