xmvlog(64): 21.03-s002: (c) Copyright 1995-2021 Cadence Design Systems, Inc.
file: /tools/Xilinx/Vivado/2022.1/data/ip/xilinx/v_axi4s_vid_out_v4_0/hdl/v_axi4s_vid_out_v4_0_vl_rfs.v
	module v_axi4s_vid_out_v4_0_14.v_axi4s_vid_out_v4_0_14_fifo_async
		errors: 0, warnings: 0
	module v_axi4s_vid_out_v4_0_14.v_axi4s_vid_out_v4_0_14_fifo_sync
		errors: 0, warnings: 0
	module v_axi4s_vid_out_v4_0_14.v_axi4s_vid_out_v4_0_14_cdc_single
		errors: 0, warnings: 0
	module v_axi4s_vid_out_v4_0_14.v_axi4s_vid_out_v4_0_14_coupler
		errors: 0, warnings: 0
	module v_axi4s_vid_out_v4_0_14.v_axi4s_vid_out_v4_0_14_sync
		errors: 0, warnings: 0
	module v_axi4s_vid_out_v4_0_14.v_axi4s_vid_out_v4_0_14_formatter
		errors: 0, warnings: 0
	module v_axi4s_vid_out_v4_0_14.v_axi4s_vid_out_v4_0_14_repeat
		errors: 0, warnings: 0
	module v_axi4s_vid_out_v4_0_14.v_axi4s_vid_out_v4_0_14_remap
		errors: 0, warnings: 0
	module v_axi4s_vid_out_v4_0_14.v_axi4s_vid_out_v4_0_14
		errors: 0, warnings: 0
