xmvlog(64): 21.03-s002: (c) Copyright 1995-2021 Cadence Design Systems, Inc.
file: /tools/Xilinx/Vivado/2022.1/data/ip/xilinx/v_smpte_uhdsdi_v1_0/hdl/v_smpte_uhdsdi_v1_0_vl_rfs.v
	module v_smpte_uhdsdi_v1_0_9.v_smpte_uhdsdi_v1_0_9_crc2
		errors: 0, warnings: 0
	module v_smpte_uhdsdi_v1_0_9.v_smpte_uhdsdi_v1_0_9_edh_anc_rx
		errors: 0, warnings: 0
	module v_smpte_uhdsdi_v1_0_9.v_smpte_uhdsdi_v1_0_9_edh_autodetect
		errors: 0, warnings: 0
	module v_smpte_uhdsdi_v1_0_9.v_smpte_uhdsdi_v1_0_9_edh_crc16
		errors: 0, warnings: 0
	module v_smpte_uhdsdi_v1_0_9.v_smpte_uhdsdi_v1_0_9_edh_crc
		errors: 0, warnings: 0
	module v_smpte_uhdsdi_v1_0_9.v_smpte_uhdsdi_v1_0_9_edh_errcnt
		errors: 0, warnings: 0
	module v_smpte_uhdsdi_v1_0_9.v_smpte_uhdsdi_v1_0_9_edh_flags
		errors: 0, warnings: 0
	module v_smpte_uhdsdi_v1_0_9.v_smpte_uhdsdi_v1_0_9_edh_fly_field
		errors: 0, warnings: 0
	module v_smpte_uhdsdi_v1_0_9.v_smpte_uhdsdi_v1_0_9_edh_fly_fsm
		errors: 0, warnings: 0
	module v_smpte_uhdsdi_v1_0_9.v_smpte_uhdsdi_v1_0_9_edh_fly_horz
		errors: 0, warnings: 0
	module v_smpte_uhdsdi_v1_0_9.v_smpte_uhdsdi_v1_0_9_edh_fly_vert
		errors: 0, warnings: 0
	module v_smpte_uhdsdi_v1_0_9.v_smpte_uhdsdi_v1_0_9_edh_flywheel
		errors: 0, warnings: 0
	module v_smpte_uhdsdi_v1_0_9.v_smpte_uhdsdi_v1_0_9_edh_loc
		errors: 0, warnings: 0
	module v_smpte_uhdsdi_v1_0_9.v_smpte_uhdsdi_v1_0_9_edh_processor
		errors: 0, warnings: 0
	module v_smpte_uhdsdi_v1_0_9.v_smpte_uhdsdi_v1_0_9_edh_rx
		errors: 0, warnings: 0
	module v_smpte_uhdsdi_v1_0_9.v_smpte_uhdsdi_v1_0_9_edh_trs_detect
		errors: 0, warnings: 0
	module v_smpte_uhdsdi_v1_0_9.v_smpte_uhdsdi_v1_0_9_edh_tx
		errors: 0, warnings: 0
	module v_smpte_uhdsdi_v1_0_9.v_smpte_uhdsdi_v1_0_9_edh_video_decode
		errors: 0, warnings: 0
	module v_smpte_uhdsdi_v1_0_9.v_smpte_uhdsdi_v1_0_9_rx_autorate
		errors: 0, warnings: 0
	module v_smpte_uhdsdi_v1_0_9.v_smpte_uhdsdi_v1_0_9_rx_crc
		errors: 0, warnings: 0
	module v_smpte_uhdsdi_v1_0_9.v_smpte_uhdsdi_v1_0_9_rx_decoder
		errors: 0, warnings: 0
	module v_smpte_uhdsdi_v1_0_9.v_smpte_uhdsdi_v1_0_9_rx_demux_4
		errors: 0, warnings: 0
	module v_smpte_uhdsdi_v1_0_9.v_smpte_uhdsdi_v1_0_9_rx_framer
		errors: 0, warnings: 0
	module v_smpte_uhdsdi_v1_0_9.v_smpte_uhdsdi_v1_0_9_rx_st352_pid_capture
		errors: 0, warnings: 0
	module v_smpte_uhdsdi_v1_0_9.v_smpte_uhdsdi_v1_0_9_rx_to_demux
		errors: 0, warnings: 0
	module v_smpte_uhdsdi_v1_0_9.v_smpte_uhdsdi_v1_0_9_rx_transport_detect
		errors: 0, warnings: 0
	module v_smpte_uhdsdi_v1_0_9.v_smpte_uhdsdi_v1_0_9_rx_trs_restore
		errors: 0, warnings: 0
	module v_smpte_uhdsdi_v1_0_9.v_smpte_uhdsdi_v1_0_9_rx
		errors: 0, warnings: 0
	module v_smpte_uhdsdi_v1_0_9.v_smpte_uhdsdi_v1_0_9_tx_bitrep_20b
		errors: 0, warnings: 0
	module v_smpte_uhdsdi_v1_0_9.v_smpte_uhdsdi_v1_0_9_tx_channel
		errors: 0, warnings: 0
	module v_smpte_uhdsdi_v1_0_9.v_smpte_uhdsdi_v1_0_9_tx_encoder
		errors: 0, warnings: 0
	module v_smpte_uhdsdi_v1_0_9.v_smpte_uhdsdi_v1_0_9_tx_insert_crc
		errors: 0, warnings: 0
	module v_smpte_uhdsdi_v1_0_9.v_smpte_uhdsdi_v1_0_9_tx_insert_ln
		errors: 0, warnings: 0
	module v_smpte_uhdsdi_v1_0_9.v_smpte_uhdsdi_v1_0_9_tx_mux
		errors: 0, warnings: 0
	module v_smpte_uhdsdi_v1_0_9.v_smpte_uhdsdi_v1_0_9_tx_output
		errors: 0, warnings: 0
	module v_smpte_uhdsdi_v1_0_9.v_smpte_uhdsdi_v1_0_9_tx_scrambler
		errors: 0, warnings: 0
	module v_smpte_uhdsdi_v1_0_9.v_smpte_uhdsdi_v1_0_9_tx_st352_pid_insert
		errors: 0, warnings: 0
	module v_smpte_uhdsdi_v1_0_9.v_smpte_uhdsdi_v1_0_9_tx_syncbit_insert
		errors: 0, warnings: 0
	module v_smpte_uhdsdi_v1_0_9.v_smpte_uhdsdi_v1_0_9_tx_trsgen
		errors: 0, warnings: 0
	module v_smpte_uhdsdi_v1_0_9.v_smpte_uhdsdi_v1_0_9_tx
		errors: 0, warnings: 0
	module v_smpte_uhdsdi_v1_0_9.v_smpte_uhdsdi_v1_0_9
		errors: 0, warnings: 0
