xmvlog(64): 21.03-s002: (c) Copyright 1995-2021 Cadence Design Systems, Inc.
file: /tools/Xilinx/Vivado/2022.1/data/ip/xilinx/v_smpte_uhdsdi_rx_v1_0/hdl/v_smpte_uhdsdi_rx_v1_0_edh_fly_horz.v
	module v_smpte_uhdsdi_rx_v1_0_1.v_smpte_uhdsdi_rx_v1_0_1_edh_fly_horz
		errors: 0, warnings: 0
file: /tools/Xilinx/Vivado/2022.1/data/ip/xilinx/v_smpte_uhdsdi_rx_v1_0/hdl/v_smpte_uhdsdi_rx_v1_0_decoder.v
	module v_smpte_uhdsdi_rx_v1_0_1.v_smpte_uhdsdi_rx_v1_0_1_decoder
		errors: 0, warnings: 0
file: /tools/Xilinx/Vivado/2022.1/data/ip/xilinx/v_smpte_uhdsdi_rx_v1_0/hdl/v_smpte_uhdsdi_rx_v1_0_framer.v
	module v_smpte_uhdsdi_rx_v1_0_1.v_smpte_uhdsdi_rx_v1_0_1_framer
		errors: 0, warnings: 0
file: /tools/Xilinx/Vivado/2022.1/data/ip/xilinx/v_smpte_uhdsdi_rx_v1_0/hdl/v_smpte_uhdsdi_rx_v1_0_edh_errcnt.v
	module v_smpte_uhdsdi_rx_v1_0_1.v_smpte_uhdsdi_rx_v1_0_1_edh_errcnt
		errors: 0, warnings: 0
file: /tools/Xilinx/Vivado/2022.1/data/ip/xilinx/v_smpte_uhdsdi_rx_v1_0/hdl/v_smpte_uhdsdi_rx_v1_0_st352_pid_capture.v
	module v_smpte_uhdsdi_rx_v1_0_1.v_smpte_uhdsdi_rx_v1_0_1_st352_pid_capture
		errors: 0, warnings: 0
file: /tools/Xilinx/Vivado/2022.1/data/ip/xilinx/v_smpte_uhdsdi_rx_v1_0/hdl/v_smpte_uhdsdi_rx_v1_0_hdr_extract.v
	module v_smpte_uhdsdi_rx_v1_0_1.v_smpte_uhdsdi_rx_v1_0_1_hdr_extract
		errors: 0, warnings: 0
file: /tools/Xilinx/Vivado/2022.1/data/ip/xilinx/v_smpte_uhdsdi_rx_v1_0/hdl/v_smpte_uhdsdi_rx_v1_0_edh_crc.v
	module v_smpte_uhdsdi_rx_v1_0_1.v_smpte_uhdsdi_rx_v1_0_1_edh_crc
		errors: 0, warnings: 0
file: /tools/Xilinx/Vivado/2022.1/data/ip/xilinx/v_smpte_uhdsdi_rx_v1_0/hdl/v_smpte_uhdsdi_rx_v1_0_edh_autodetect.v
	module v_smpte_uhdsdi_rx_v1_0_1.v_smpte_uhdsdi_rx_v1_0_1_edh_autodetect
		errors: 0, warnings: 0
file: /tools/Xilinx/Vivado/2022.1/data/ip/xilinx/v_smpte_uhdsdi_rx_v1_0/hdl/v_smpte_uhdsdi_rx_v1_0_demux_4.v
	module v_smpte_uhdsdi_rx_v1_0_1.v_smpte_uhdsdi_rx_v1_0_1_demux_4
		errors: 0, warnings: 0
file: /tools/Xilinx/Vivado/2022.1/data/ip/xilinx/v_smpte_uhdsdi_rx_v1_0/hdl/v_smpte_uhdsdi_rx_v1_0_edh_flags.v
	module v_smpte_uhdsdi_rx_v1_0_1.v_smpte_uhdsdi_rx_v1_0_1_edh_flags
		errors: 0, warnings: 0
file: /tools/Xilinx/Vivado/2022.1/data/ip/xilinx/v_smpte_uhdsdi_rx_v1_0/hdl/v_smpte_uhdsdi_rx_v1_0_trs_restore.v
	module v_smpte_uhdsdi_rx_v1_0_1.v_smpte_uhdsdi_rx_v1_0_1_trs_restore
		errors: 0, warnings: 0
file: /tools/Xilinx/Vivado/2022.1/data/ip/xilinx/v_smpte_uhdsdi_rx_v1_0/hdl/v_smpte_uhdsdi_rx_v1_0_edh_video_decode.v
	module v_smpte_uhdsdi_rx_v1_0_1.v_smpte_uhdsdi_rx_v1_0_1_edh_video_decode
		errors: 0, warnings: 0
file: /tools/Xilinx/Vivado/2022.1/data/ip/xilinx/v_smpte_uhdsdi_rx_v1_0/hdl/v_smpte_uhdsdi_rx_v1_0_edh_processor.v
	module v_smpte_uhdsdi_rx_v1_0_1.v_smpte_uhdsdi_rx_v1_0_1_edh_processor
		errors: 0, warnings: 0
file: /tools/Xilinx/Vivado/2022.1/data/ip/xilinx/v_smpte_uhdsdi_rx_v1_0/hdl/v_smpte_uhdsdi_rx_v1_0_edh_rx.v
	module v_smpte_uhdsdi_rx_v1_0_1.v_smpte_uhdsdi_rx_v1_0_1_edh_rx
		errors: 0, warnings: 0
file: /tools/Xilinx/Vivado/2022.1/data/ip/xilinx/v_smpte_uhdsdi_rx_v1_0/hdl/v_smpte_uhdsdi_rx_v1_0_edh_tx.v
	module v_smpte_uhdsdi_rx_v1_0_1.v_smpte_uhdsdi_rx_v1_0_1_edh_tx
		errors: 0, warnings: 0
file: /tools/Xilinx/Vivado/2022.1/data/ip/xilinx/v_smpte_uhdsdi_rx_v1_0/hdl/v_smpte_uhdsdi_rx_v1_0_autorate.v
	module v_smpte_uhdsdi_rx_v1_0_1.v_smpte_uhdsdi_rx_v1_0_1_autorate
		errors: 0, warnings: 0
file: /tools/Xilinx/Vivado/2022.1/data/ip/xilinx/v_smpte_uhdsdi_rx_v1_0/hdl/v_smpte_uhdsdi_rx_v1_0_edh_loc.v
	module v_smpte_uhdsdi_rx_v1_0_1.v_smpte_uhdsdi_rx_v1_0_1_edh_loc
		errors: 0, warnings: 0
file: /tools/Xilinx/Vivado/2022.1/data/ip/xilinx/v_smpte_uhdsdi_rx_v1_0/hdl/v_smpte_uhdsdi_rx_v1_0_edh_fly_fsm.v
	module v_smpte_uhdsdi_rx_v1_0_1.v_smpte_uhdsdi_rx_v1_0_1_edh_fly_fsm
		errors: 0, warnings: 0
file: /tools/Xilinx/Vivado/2022.1/data/ip/xilinx/v_smpte_uhdsdi_rx_v1_0/hdl/v_smpte_uhdsdi_rx_v1_0_edh_fly_field.v
	module v_smpte_uhdsdi_rx_v1_0_1.v_smpte_uhdsdi_rx_v1_0_1_edh_fly_field
		errors: 0, warnings: 0
file: /tools/Xilinx/Vivado/2022.1/data/ip/xilinx/v_smpte_uhdsdi_rx_v1_0/hdl/v_smpte_uhdsdi_rx_v1_0_edh_crc16.v
	module v_smpte_uhdsdi_rx_v1_0_1.v_smpte_uhdsdi_rx_v1_0_1_edh_crc16
		errors: 0, warnings: 0
file: /tools/Xilinx/Vivado/2022.1/data/ip/xilinx/v_smpte_uhdsdi_rx_v1_0/hdl/v_smpte_uhdsdi_rx_v1_0_transport_detect.v
	module v_smpte_uhdsdi_rx_v1_0_1.v_smpte_uhdsdi_rx_v1_0_1_transport_detect
		errors: 0, warnings: 0
file: /tools/Xilinx/Vivado/2022.1/data/ip/xilinx/v_smpte_uhdsdi_rx_v1_0/hdl/v_smpte_uhdsdi_rx_v1_0_edh_anc_rx.v
	module v_smpte_uhdsdi_rx_v1_0_1.v_smpte_uhdsdi_rx_v1_0_1_edh_anc_rx
		errors: 0, warnings: 0
file: /tools/Xilinx/Vivado/2022.1/data/ip/xilinx/v_smpte_uhdsdi_rx_v1_0/hdl/v_smpte_uhdsdi_rx_v1_0_edh_flywheel.v
	module v_smpte_uhdsdi_rx_v1_0_1.v_smpte_uhdsdi_rx_v1_0_1_edh_flywheel
		errors: 0, warnings: 0
file: /tools/Xilinx/Vivado/2022.1/data/ip/xilinx/v_smpte_uhdsdi_rx_v1_0/hdl/v_smpte_uhdsdi_rx_v1_0_edh_fly_vert.v
	module v_smpte_uhdsdi_rx_v1_0_1.v_smpte_uhdsdi_rx_v1_0_1_edh_fly_vert
		errors: 0, warnings: 0
file: /tools/Xilinx/Vivado/2022.1/data/ip/xilinx/v_smpte_uhdsdi_rx_v1_0/hdl/v_smpte_uhdsdi_rx_v1_0_to_demux.v
	module v_smpte_uhdsdi_rx_v1_0_1.v_smpte_uhdsdi_rx_v1_0_1_to_demux
		errors: 0, warnings: 0
file: /tools/Xilinx/Vivado/2022.1/data/ip/xilinx/v_smpte_uhdsdi_rx_v1_0/hdl/v_smpte_uhdsdi_rx_v1_0_crc.v
	module v_smpte_uhdsdi_rx_v1_0_1.v_smpte_uhdsdi_rx_v1_0_1_crc
		errors: 0, warnings: 0
file: /tools/Xilinx/Vivado/2022.1/data/ip/xilinx/v_smpte_uhdsdi_rx_v1_0/hdl/v_smpte_uhdsdi_rx_v1_0_crc2.v
	module v_smpte_uhdsdi_rx_v1_0_1.v_smpte_uhdsdi_rx_v1_0_1_crc2
		errors: 0, warnings: 0
file: /tools/Xilinx/Vivado/2022.1/data/ip/xilinx/v_smpte_uhdsdi_rx_v1_0/hdl/v_smpte_uhdsdi_rx_v1_0_edh_trs_detect.v
	module v_smpte_uhdsdi_rx_v1_0_1.v_smpte_uhdsdi_rx_v1_0_1_edh_trs_detect
		errors: 0, warnings: 0
file: /tools/Xilinx/Vivado/2022.1/data/ip/xilinx/v_smpte_uhdsdi_rx_v1_0/hdl/v_smpte_uhdsdi_rx_v1_0_s00_axi.v
	module v_smpte_uhdsdi_rx_v1_0_1.v_smpte_uhdsdi_rx_v1_0_1_s00_axi
		errors: 0, warnings: 0
file: /tools/Xilinx/Vivado/2022.1/data/ip/xilinx/v_smpte_uhdsdi_rx_v1_0/hdl/v_smpte_uhdsdi_rx_v1_0_rx.v
	module v_smpte_uhdsdi_rx_v1_0_1.v_smpte_uhdsdi_rx_v1_0_1_rx
		errors: 0, warnings: 0
file: /tools/Xilinx/Vivado/2022.1/data/ip/xilinx/v_smpte_uhdsdi_rx_v1_0/hdl/v_smpte_uhdsdi_rx_v1_0_top.v
	module v_smpte_uhdsdi_rx_v1_0_1.v_smpte_uhdsdi_rx_v1_0_1
		errors: 0, warnings: 0
