xmvlog(64): 21.03-s002: (c) Copyright 1995-2021 Cadence Design Systems, Inc.
file: /tools/Xilinx/Vivado/2022.1/data/ip/xilinx/v_smpte_uhdsdi_tx_v1_0/hdl/v_smpte_uhdsdi_tx_v1_0_edh_anc_rx.v
	module v_smpte_uhdsdi_tx_v1_0_1.v_smpte_uhdsdi_tx_v1_0_1_edh_anc_rx
		errors: 0, warnings: 0
file: /tools/Xilinx/Vivado/2022.1/data/ip/xilinx/v_smpte_uhdsdi_tx_v1_0/hdl/v_smpte_uhdsdi_tx_v1_0_edh_flags.v
	module v_smpte_uhdsdi_tx_v1_0_1.v_smpte_uhdsdi_tx_v1_0_1_edh_flags
		errors: 0, warnings: 0
file: /tools/Xilinx/Vivado/2022.1/data/ip/xilinx/v_smpte_uhdsdi_tx_v1_0/hdl/v_smpte_uhdsdi_tx_v1_0_edh_loc.v
	module v_smpte_uhdsdi_tx_v1_0_1.v_smpte_uhdsdi_tx_v1_0_1_edh_loc
		errors: 0, warnings: 0
file: /tools/Xilinx/Vivado/2022.1/data/ip/xilinx/v_smpte_uhdsdi_tx_v1_0/hdl/v_smpte_uhdsdi_tx_v1_0_edh_processor.v
	module v_smpte_uhdsdi_tx_v1_0_1.v_smpte_uhdsdi_tx_v1_0_1_edh_processor
		errors: 0, warnings: 0
file: /tools/Xilinx/Vivado/2022.1/data/ip/xilinx/v_smpte_uhdsdi_tx_v1_0/hdl/v_smpte_uhdsdi_tx_v1_0_mux.v
	module v_smpte_uhdsdi_tx_v1_0_1.v_smpte_uhdsdi_tx_v1_0_1_mux
		errors: 0, warnings: 0
file: /tools/Xilinx/Vivado/2022.1/data/ip/xilinx/v_smpte_uhdsdi_tx_v1_0/hdl/v_smpte_uhdsdi_tx_v1_0_bitrep_20b.v
	module v_smpte_uhdsdi_tx_v1_0_1.v_smpte_uhdsdi_tx_v1_0_1_bitrep_20b
		errors: 0, warnings: 0
file: /tools/Xilinx/Vivado/2022.1/data/ip/xilinx/v_smpte_uhdsdi_tx_v1_0/hdl/v_smpte_uhdsdi_tx_v1_0_edh_video_decode.v
	module v_smpte_uhdsdi_tx_v1_0_1.v_smpte_uhdsdi_tx_v1_0_1_edh_video_decode
		errors: 0, warnings: 0
file: /tools/Xilinx/Vivado/2022.1/data/ip/xilinx/v_smpte_uhdsdi_tx_v1_0/hdl/v_smpte_uhdsdi_tx_v1_0_edh_autodetect.v
	module v_smpte_uhdsdi_tx_v1_0_1.v_smpte_uhdsdi_tx_v1_0_1_edh_autodetect
		errors: 0, warnings: 0
file: /tools/Xilinx/Vivado/2022.1/data/ip/xilinx/v_smpte_uhdsdi_tx_v1_0/hdl/v_smpte_uhdsdi_tx_v1_0_edh_tx.v
	module v_smpte_uhdsdi_tx_v1_0_1.v_smpte_uhdsdi_tx_v1_0_1_edh_tx
		errors: 0, warnings: 0
file: /tools/Xilinx/Vivado/2022.1/data/ip/xilinx/v_smpte_uhdsdi_tx_v1_0/hdl/v_smpte_uhdsdi_tx_v1_0_edh_rx.v
	module v_smpte_uhdsdi_tx_v1_0_1.v_smpte_uhdsdi_tx_v1_0_1_edh_rx
		errors: 0, warnings: 0
file: /tools/Xilinx/Vivado/2022.1/data/ip/xilinx/v_smpte_uhdsdi_tx_v1_0/hdl/v_smpte_uhdsdi_tx_v1_0_channel.v
	module v_smpte_uhdsdi_tx_v1_0_1.v_smpte_uhdsdi_tx_v1_0_1_channel
		errors: 0, warnings: 0
file: /tools/Xilinx/Vivado/2022.1/data/ip/xilinx/v_smpte_uhdsdi_tx_v1_0/hdl/v_smpte_uhdsdi_tx_v1_0_output.v
	module v_smpte_uhdsdi_tx_v1_0_1.v_smpte_uhdsdi_tx_v1_0_1_output
		errors: 0, warnings: 0
file: /tools/Xilinx/Vivado/2022.1/data/ip/xilinx/v_smpte_uhdsdi_tx_v1_0/hdl/v_smpte_uhdsdi_tx_v1_0_syncbit_insert.v
	module v_smpte_uhdsdi_tx_v1_0_1.v_smpte_uhdsdi_tx_v1_0_1_syncbit_insert
		errors: 0, warnings: 0
file: /tools/Xilinx/Vivado/2022.1/data/ip/xilinx/v_smpte_uhdsdi_tx_v1_0/hdl/v_smpte_uhdsdi_tx_v1_0_trsgen.v
	module v_smpte_uhdsdi_tx_v1_0_1.v_smpte_uhdsdi_tx_v1_0_1_trsgen
		errors: 0, warnings: 0
file: /tools/Xilinx/Vivado/2022.1/data/ip/xilinx/v_smpte_uhdsdi_tx_v1_0/hdl/v_smpte_uhdsdi_tx_v1_0_crc2.v
	module v_smpte_uhdsdi_tx_v1_0_1.v_smpte_uhdsdi_tx_v1_0_1_crc2
		errors: 0, warnings: 0
file: /tools/Xilinx/Vivado/2022.1/data/ip/xilinx/v_smpte_uhdsdi_tx_v1_0/hdl/v_smpte_uhdsdi_tx_v1_0_insert_crc.v
	module v_smpte_uhdsdi_tx_v1_0_1.v_smpte_uhdsdi_tx_v1_0_1_insert_crc
		errors: 0, warnings: 0
file: /tools/Xilinx/Vivado/2022.1/data/ip/xilinx/v_smpte_uhdsdi_tx_v1_0/hdl/v_smpte_uhdsdi_tx_v1_0_scrambler.v
	module v_smpte_uhdsdi_tx_v1_0_1.v_smpte_uhdsdi_tx_v1_0_1_scrambler
		errors: 0, warnings: 0
file: /tools/Xilinx/Vivado/2022.1/data/ip/xilinx/v_smpte_uhdsdi_tx_v1_0/hdl/v_smpte_uhdsdi_tx_v1_0_edh_crc16.v
	module v_smpte_uhdsdi_tx_v1_0_1.v_smpte_uhdsdi_tx_v1_0_1_edh_crc16
		errors: 0, warnings: 0
file: /tools/Xilinx/Vivado/2022.1/data/ip/xilinx/v_smpte_uhdsdi_tx_v1_0/hdl/v_smpte_uhdsdi_tx_v1_0_st352_pid_insert.v
	module v_smpte_uhdsdi_tx_v1_0_1.v_smpte_uhdsdi_tx_v1_0_1_st352_pid_insert
		errors: 0, warnings: 0
file: /tools/Xilinx/Vivado/2022.1/data/ip/xilinx/v_smpte_uhdsdi_tx_v1_0/hdl/v_smpte_uhdsdi_tx_v1_0_edh_trs_detect.v
	module v_smpte_uhdsdi_tx_v1_0_1.v_smpte_uhdsdi_tx_v1_0_1_edh_trs_detect
		errors: 0, warnings: 0
file: /tools/Xilinx/Vivado/2022.1/data/ip/xilinx/v_smpte_uhdsdi_tx_v1_0/hdl/v_smpte_uhdsdi_tx_v1_0_edh_fly_horz.v
	module v_smpte_uhdsdi_tx_v1_0_1.v_smpte_uhdsdi_tx_v1_0_1_edh_fly_horz
		errors: 0, warnings: 0
file: /tools/Xilinx/Vivado/2022.1/data/ip/xilinx/v_smpte_uhdsdi_tx_v1_0/hdl/v_smpte_uhdsdi_tx_v1_0_insert_ln.v
	module v_smpte_uhdsdi_tx_v1_0_1.v_smpte_uhdsdi_tx_v1_0_1_insert_ln
		errors: 0, warnings: 0
file: /tools/Xilinx/Vivado/2022.1/data/ip/xilinx/v_smpte_uhdsdi_tx_v1_0/hdl/v_smpte_uhdsdi_tx_v1_0_edh_fly_fsm.v
	module v_smpte_uhdsdi_tx_v1_0_1.v_smpte_uhdsdi_tx_v1_0_1_edh_fly_fsm
		errors: 0, warnings: 0
file: /tools/Xilinx/Vivado/2022.1/data/ip/xilinx/v_smpte_uhdsdi_tx_v1_0/hdl/v_smpte_uhdsdi_tx_v1_0_s00_axi.v
	module v_smpte_uhdsdi_tx_v1_0_1.v_smpte_uhdsdi_tx_v1_0_1_s00_axi
		errors: 0, warnings: 0
file: /tools/Xilinx/Vivado/2022.1/data/ip/xilinx/v_smpte_uhdsdi_tx_v1_0/hdl/v_smpte_uhdsdi_tx_v1_0_edh_errcnt.v
	module v_smpte_uhdsdi_tx_v1_0_1.v_smpte_uhdsdi_tx_v1_0_1_edh_errcnt
		errors: 0, warnings: 0
file: /tools/Xilinx/Vivado/2022.1/data/ip/xilinx/v_smpte_uhdsdi_tx_v1_0/hdl/v_smpte_uhdsdi_tx_v1_0_edh_crc.v
	module v_smpte_uhdsdi_tx_v1_0_1.v_smpte_uhdsdi_tx_v1_0_1_edh_crc
		errors: 0, warnings: 0
file: /tools/Xilinx/Vivado/2022.1/data/ip/xilinx/v_smpte_uhdsdi_tx_v1_0/hdl/v_smpte_uhdsdi_tx_v1_0_edh_flywheel.v
	module v_smpte_uhdsdi_tx_v1_0_1.v_smpte_uhdsdi_tx_v1_0_1_edh_flywheel
		errors: 0, warnings: 0
file: /tools/Xilinx/Vivado/2022.1/data/ip/xilinx/v_smpte_uhdsdi_tx_v1_0/hdl/v_smpte_uhdsdi_tx_v1_0_encoder.v
	module v_smpte_uhdsdi_tx_v1_0_1.v_smpte_uhdsdi_tx_v1_0_1_encoder
		errors: 0, warnings: 0
file: /tools/Xilinx/Vivado/2022.1/data/ip/xilinx/v_smpte_uhdsdi_tx_v1_0/hdl/v_smpte_uhdsdi_tx_v1_0_hdr_pkt_mux.v
	module v_smpte_uhdsdi_tx_v1_0_1.v_smpte_uhdsdi_tx_v1_0_1_hdr_pkt_mux
		errors: 0, warnings: 0
file: /tools/Xilinx/Vivado/2022.1/data/ip/xilinx/v_smpte_uhdsdi_tx_v1_0/hdl/v_smpte_uhdsdi_tx_v1_0_hdr_embedd.v
	module v_smpte_uhdsdi_tx_v1_0_1.v_smpte_uhdsdi_tx_v1_0_1_hdr_embedd
		errors: 0, warnings: 0
file: /tools/Xilinx/Vivado/2022.1/data/ip/xilinx/v_smpte_uhdsdi_tx_v1_0/hdl/v_smpte_uhdsdi_tx_v1_0_hdr_anc_det.v
	module v_smpte_uhdsdi_tx_v1_0_1.v_smpte_uhdsdi_tx_v1_0_1_hdr_anc_det
		errors: 0, warnings: 0
file: /tools/Xilinx/Vivado/2022.1/data/ip/xilinx/v_smpte_uhdsdi_tx_v1_0/hdl/v_smpte_uhdsdi_tx_v1_0_edh_fly_vert.v
	module v_smpte_uhdsdi_tx_v1_0_1.v_smpte_uhdsdi_tx_v1_0_1_edh_fly_vert
		errors: 0, warnings: 0
file: /tools/Xilinx/Vivado/2022.1/data/ip/xilinx/v_smpte_uhdsdi_tx_v1_0/hdl/v_smpte_uhdsdi_tx_v1_0_edh_fly_field.v
	module v_smpte_uhdsdi_tx_v1_0_1.v_smpte_uhdsdi_tx_v1_0_1_edh_fly_field
		errors: 0, warnings: 0
file: /tools/Xilinx/Vivado/2022.1/data/ip/xilinx/v_smpte_uhdsdi_tx_v1_0/hdl/v_smpte_uhdsdi_tx_v1_0_tx.v
	module v_smpte_uhdsdi_tx_v1_0_1.v_smpte_uhdsdi_tx_v1_0_1_tx
		errors: 0, warnings: 0
file: /tools/Xilinx/Vivado/2022.1/data/ip/xilinx/v_smpte_uhdsdi_tx_v1_0/hdl/v_smpte_uhdsdi_tx_v1_0_top.v
	module v_smpte_uhdsdi_tx_v1_0_1.v_smpte_uhdsdi_tx_v1_0_1
		errors: 0, warnings: 0
