Copyright 1986-2022 Xilinx, Inc. All Rights Reserved.
-------------------------------------------------------------------------------------------------
| Tool Version : Vivado v.2022.1 (lin64) Build 3526262 Mon Apr 18 15:47:01 MDT 2022
| Date         : Fri Dec 23 22:48:08 2022
| Host         : moderna.ucsd.edu running 64-bit CentOS Linux release 7.9.2009 (Core)
| Command      : report_utilization -file top_utilization_synth.rpt -pb top_utilization_synth.pb
| Design       : top
| Device       : xc7a200tfbg484-1
| Speed File   : -1
| Design State : Synthesized
-------------------------------------------------------------------------------------------------

Utilization Design Information

Table of Contents
-----------------
1. Slice Logic
1.1 Summary of Registers by Type
2. Memory
3. DSP
4. IO and GT Specific
5. Clocking
6. Specific Feature
7. Primitives
8. Black Boxes
9. Instantiated Netlists

1. Slice Logic
--------------

+-------------------------+------+-------+------------+-----------+-------+
|        Site Type        | Used | Fixed | Prohibited | Available | Util% |
+-------------------------+------+-------+------------+-----------+-------+
| Slice LUTs*             |  477 |     0 |          0 |    134600 |  0.35 |
|   LUT as Logic          |  477 |     0 |          0 |    134600 |  0.35 |
|   LUT as Memory         |    0 |     0 |          0 |     46200 |  0.00 |
| Slice Registers         |  280 |     0 |          0 |    269200 |  0.10 |
|   Register as Flip Flop |  280 |     0 |          0 |    269200 |  0.10 |
|   Register as Latch     |    0 |     0 |          0 |    269200 |  0.00 |
| F7 Muxes                |   14 |     0 |          0 |     67300 |  0.02 |
| F8 Muxes                |    0 |     0 |          0 |     33650 |  0.00 |
+-------------------------+------+-------+------------+-----------+-------+
* Warning! The Final LUT count, after physical optimizations and full implementation, is typically lower. Run opt_design after synthesis, if not already completed, for a more realistic count.


1.1 Summary of Registers by Type
--------------------------------

+-------+--------------+-------------+--------------+
| Total | Clock Enable | Synchronous | Asynchronous |
+-------+--------------+-------------+--------------+
| 0     |            _ |           - |            - |
| 0     |            _ |           - |          Set |
| 0     |            _ |           - |        Reset |
| 0     |            _ |         Set |            - |
| 0     |            _ |       Reset |            - |
| 0     |          Yes |           - |            - |
| 0     |          Yes |           - |          Set |
| 1     |          Yes |           - |        Reset |
| 5     |          Yes |         Set |            - |
| 274   |          Yes |       Reset |            - |
+-------+--------------+-------------+--------------+


2. Memory
---------

+----------------+------+-------+------------+-----------+-------+
|    Site Type   | Used | Fixed | Prohibited | Available | Util% |
+----------------+------+-------+------------+-----------+-------+
| Block RAM Tile |    0 |     0 |          0 |       365 |  0.00 |
|   RAMB36/FIFO* |    0 |     0 |          0 |       365 |  0.00 |
|   RAMB18       |    0 |     0 |          0 |       730 |  0.00 |
+----------------+------+-------+------------+-----------+-------+
* Note: Each Block RAM Tile only has one FIFO logic available and therefore can accommodate only one FIFO36E1 or one FIFO18E1. However, if a FIFO18E1 occupies a Block RAM Tile, that tile can still accommodate a RAMB18E1


3. DSP
------

+-----------+------+-------+------------+-----------+-------+
| Site Type | Used | Fixed | Prohibited | Available | Util% |
+-----------+------+-------+------------+-----------+-------+
| DSPs      |    0 |     0 |          0 |       740 |  0.00 |
+-----------+------+-------+------------+-----------+-------+


4. IO and GT Specific
---------------------

+-----------------------------+------+-------+------------+-----------+-------+
|          Site Type          | Used | Fixed | Prohibited | Available | Util% |
+-----------------------------+------+-------+------------+-----------+-------+
| Bonded IOB                  |   81 |     0 |          0 |       285 | 28.42 |
| Bonded IPADs                |    0 |     0 |          0 |        14 |  0.00 |
| Bonded OPADs                |    0 |     0 |          0 |         8 |  0.00 |
| PHY_CONTROL                 |    0 |     0 |          0 |        10 |  0.00 |
| PHASER_REF                  |    0 |     0 |          0 |        10 |  0.00 |
| OUT_FIFO                    |    0 |     0 |          0 |        40 |  0.00 |
| IN_FIFO                     |    0 |     0 |          0 |        40 |  0.00 |
| IDELAYCTRL                  |    0 |     0 |          0 |        10 |  0.00 |
| IBUFDS                      |    1 |     0 |          0 |       274 |  0.36 |
| GTPE2_CHANNEL               |    0 |     0 |          0 |         4 |  0.00 |
| PHASER_OUT/PHASER_OUT_PHY   |    0 |     0 |          0 |        40 |  0.00 |
| PHASER_IN/PHASER_IN_PHY     |    0 |     0 |          0 |        40 |  0.00 |
| IDELAYE2/IDELAYE2_FINEDELAY |    0 |     0 |          0 |       500 |  0.00 |
| IBUFDS_GTE2                 |    0 |     0 |          0 |         2 |  0.00 |
| ILOGIC                      |    0 |     0 |          0 |       285 |  0.00 |
| OLOGIC                      |    0 |     0 |          0 |       285 |  0.00 |
+-----------------------------+------+-------+------------+-----------+-------+


5. Clocking
-----------

+------------+------+-------+------------+-----------+-------+
|  Site Type | Used | Fixed | Prohibited | Available | Util% |
+------------+------+-------+------------+-----------+-------+
| BUFGCTRL   |    0 |     0 |          0 |        32 |  0.00 |
| BUFIO      |    0 |     0 |          0 |        40 |  0.00 |
| MMCME2_ADV |    0 |     0 |          0 |        10 |  0.00 |
| PLLE2_ADV  |    0 |     0 |          0 |        10 |  0.00 |
| BUFMRCE    |    0 |     0 |          0 |        20 |  0.00 |
| BUFHCE     |    0 |     0 |          0 |       120 |  0.00 |
| BUFR       |    0 |     0 |          0 |        40 |  0.00 |
+------------+------+-------+------------+-----------+-------+


6. Specific Feature
-------------------

+-------------+------+-------+------------+-----------+-------+
|  Site Type  | Used | Fixed | Prohibited | Available | Util% |
+-------------+------+-------+------------+-----------+-------+
| BSCANE2     |    0 |     0 |          0 |         4 |  0.00 |
| CAPTUREE2   |    0 |     0 |          0 |         1 |  0.00 |
| DNA_PORT    |    0 |     0 |          0 |         1 |  0.00 |
| EFUSE_USR   |    0 |     0 |          0 |         1 |  0.00 |
| FRAME_ECCE2 |    0 |     0 |          0 |         1 |  0.00 |
| ICAPE2      |    0 |     0 |          0 |         2 |  0.00 |
| PCIE_2_1    |    0 |     0 |          0 |         1 |  0.00 |
| STARTUPE2   |    0 |     0 |          0 |         1 |  0.00 |
| XADC        |    0 |     0 |          0 |         1 |  0.00 |
+-------------+------+-------+------------+-----------+-------+


7. Primitives
-------------

+----------+------+---------------------+
| Ref Name | Used | Functional Category |
+----------+------+---------------------+
| FDRE     |  274 |        Flop & Latch |
| LUT2     |  219 |                 LUT |
| LUT1     |  161 |                 LUT |
| LUT6     |  116 |                 LUT |
| CARRY4   |   74 |          CarryLogic |
| OBUF     |   62 |                  IO |
| LUT4     |   43 |                 LUT |
| LUT5     |   26 |                 LUT |
| LUT3     |   17 |                 LUT |
| IBUF     |   17 |                  IO |
| MUXF7    |   14 |               MuxFx |
| FDSE     |    5 |        Flop & Latch |
| IBUFDS   |    1 |                  IO |
| FDCE     |    1 |        Flop & Latch |
+----------+------+---------------------+


8. Black Boxes
--------------

+------------------+------+
|     Ref Name     | Used |
+------------------+------+
| leds_ifat6       |    1 |
| frontpanel_ifat6 |    1 |
| fifo_generator_1 |    1 |
| clk_wiz_2        |    1 |
| clk_wiz_1        |    1 |
| clk_wiz_0        |    1 |
+------------------+------+


9. Instantiated Netlists
------------------------

+----------+------+
| Ref Name | Used |
+----------+------+


