xmvlog(64): 21.03-s002: (c) Copyright 1995-2021 Cadence Design Systems, Inc.
file: /tools/Xilinx/Vivado/2022.1/data/ip/xilinx/zynq_ultra_ps_e_vip_v1_0/hdl/zynq_ultra_ps_e_vip_v1_0_vl_rfs.sv
	module zynq_ultra_ps_e_vip_v1_0_12.zynq_ultra_ps_e_vip_v1_0_12_arb_wr
		errors: 0, warnings: 0
	module zynq_ultra_ps_e_vip_v1_0_12.zynq_ultra_ps_e_vip_v1_0_12_arb_rd
		errors: 0, warnings: 0
	module zynq_ultra_ps_e_vip_v1_0_12.zynq_ultra_ps_e_vip_v1_0_12_arb_wr_6
		errors: 0, warnings: 0
	module zynq_ultra_ps_e_vip_v1_0_12.zynq_ultra_ps_e_vip_v1_0_12_arb_rd_6
		errors: 0, warnings: 0
	module zynq_ultra_ps_e_vip_v1_0_12.zynq_ultra_ps_e_vip_v1_0_12_arb_rd_wr
		errors: 0, warnings: 0
	module zynq_ultra_ps_e_vip_v1_0_12.zynq_ultra_ps_e_vip_v1_0_12_sparse_mem
		errors: 0, warnings: 0
	module zynq_ultra_ps_e_vip_v1_0_12.zynq_ultra_ps_e_vip_v1_0_12_reg_map
		errors: 0, warnings: 0
	module zynq_ultra_ps_e_vip_v1_0_12.zynq_ultra_ps_e_vip_v1_0_12_ocm_mem
		errors: 0, warnings: 0
	module zynq_ultra_ps_e_vip_v1_0_12.zynq_ultra_ps_e_vip_v1_0_12_regc
		errors: 0, warnings: 0
	module zynq_ultra_ps_e_vip_v1_0_12.zynq_ultra_ps_e_vip_v1_0_12_ocmc
		errors: 0, warnings: 0
	module zynq_ultra_ps_e_vip_v1_0_12.zynq_ultra_ps_e_vip_v1_0_12_interconnect_model
		errors: 0, warnings: 0
	module zynq_ultra_ps_e_vip_v1_0_12.zynq_ultra_ps_e_vip_v1_0_12_ddr_interconnect_model
		errors: 0, warnings: 0
	module zynq_ultra_ps_e_vip_v1_0_12.zynq_ultra_ps_e_vip_v1_0_12_gen_reset
		errors: 0, warnings: 0
	module zynq_ultra_ps_e_vip_v1_0_12.zynq_ultra_ps_e_vip_v1_0_12_gen_clock
		errors: 0, warnings: 0
	module zynq_ultra_ps_e_vip_v1_0_12.zynq_ultra_ps_e_vip_v1_0_12_ddrc
		errors: 0, warnings: 0
	module zynq_ultra_ps_e_vip_v1_0_12.zynq_ultra_ps_e_vip_v1_0_12_axi_slave
		errors: 0, warnings: 0
	module zynq_ultra_ps_e_vip_v1_0_12.zynq_ultra_ps_e_vip_v1_0_12_axi_slave_acp
		errors: 0, warnings: 0
	module zynq_ultra_ps_e_vip_v1_0_12.zynq_ultra_ps_e_vip_v1_0_12_axi_master
		errors: 0, warnings: 0
	module zynq_ultra_ps_e_vip_v1_0_12.zynq_ultra_ps_e_vip_v1_0_12
		errors: 0, warnings: 0
